{"/home/travis/build/npmtest/node-npmtest-phantomjs/test.js":{"path":"/home/travis/build/npmtest/node-npmtest-phantomjs/test.js","s":{"1":2,"2":2,"3":2,"4":2,"5":2,"6":2,"7":2,"8":1,"9":2,"10":2,"11":1,"12":1,"13":1,"14":1,"15":2,"16":2,"17":2,"18":2,"19":1,"20":1,"21":2,"22":2,"23":2,"24":1,"25":1,"26":1,"27":1,"28":1,"29":1,"30":1,"31":1,"32":1,"33":1,"34":1,"35":1,"36":1,"37":1,"38":1,"39":2,"40":2,"41":1,"42":2,"43":2,"44":1,"45":2,"46":2,"47":1,"48":2,"49":2,"50":1,"51":1,"52":1,"53":1,"54":1},"b":{"1":[2,1,1,1],"2":[1,1,1,1],"3":[1,1],"4":[1,1],"5":[1,1],"6":[1,1],"7":[1,1],"8":[1,1],"9":[1,1],"10":[1,1,1],"11":[1,1],"12":[1,1],"13":[1,1],"14":[1,1],"15":[1,1],"16":[1,1],"17":[1,1]},"f":{"1":2,"2":2,"3":2,"4":2,"5":2,"6":1,"7":1,"8":1,"9":2,"10":2,"11":2,"12":2,"13":1},"fnMap":{"1":{"name":"(anonymous_1)","line":12,"loc":{"start":{"line":12,"column":1},"end":{"line":12,"column":13}}},"2":{"name":"(anonymous_2)","line":19,"loc":{"start":{"line":19,"column":5},"end":{"line":19,"column":17}}},"3":{"name":"(anonymous_3)","line":23,"loc":{"start":{"line":23,"column":24},"end":{"line":23,"column":36}}},"4":{"name":"(anonymous_4)","line":61,"loc":{"start":{"line":61,"column":5},"end":{"line":61,"column":17}}},"5":{"name":"(anonymous_5)","line":82,"loc":{"start":{"line":82,"column":5},"end":{"line":82,"column":17}}},"6":{"name":"(anonymous_6)","line":91,"loc":{"start":{"line":91,"column":77},"end":{"line":94,"column":10}}},"7":{"name":"(anonymous_7)","line":112,"loc":{"start":{"line":112,"column":83},"end":{"line":115,"column":10}},"skip":true},"8":{"name":"(anonymous_8)","line":123,"loc":{"start":{"line":123,"column":77},"end":{"line":126,"column":10}},"skip":true},"9":{"name":"(anonymous_9)","line":139,"loc":{"start":{"line":139,"column":12},"end":{"line":139,"column":40}},"skip":true},"10":{"name":"(anonymous_10)","line":147,"loc":{"start":{"line":147,"column":77},"end":{"line":150,"column":10}},"skip":true},"11":{"name":"(anonymous_11)","line":158,"loc":{"start":{"line":158,"column":83},"end":{"line":161,"column":10}},"skip":true},"12":{"name":"(anonymous_12)","line":169,"loc":{"start":{"line":169,"column":79},"end":{"line":172,"column":10}},"skip":true},"13":{"name":"(anonymous_13)","line":180,"loc":{"start":{"line":180,"column":75},"end":{"line":183,"column":10}},"skip":true}},"statementMap":{"1":{"start":{"line":12,"column":0},"end":{"line":195,"column":5}},"2":{"start":{"line":14,"column":4},"end":{"line":14,"column":14}},"3":{"start":{"line":19,"column":4},"end":{"line":56,"column":9}},"4":{"start":{"line":21,"column":8},"end":{"line":21,"column":19}},"5":{"start":{"line":23,"column":8},"end":{"line":35,"column":13}},"6":{"start":{"line":24,"column":12},"end":{"line":34,"column":13}},"7":{"start":{"line":25,"column":16},"end":{"line":28,"column":30}},"8":{"start":{"line":30,"column":16},"end":{"line":33,"column":27}},"9":{"start":{"line":37,"column":8},"end":{"line":39,"column":21}},"10":{"start":{"line":40,"column":8},"end":{"line":53,"column":9}},"11":{"start":{"line":43,"column":12},"end":{"line":46,"column":14}},"12":{"start":{"line":47,"column":12},"end":{"line":47,"column":18}},"13":{"start":{"line":50,"column":12},"end":{"line":51,"column":46}},"14":{"start":{"line":52,"column":12},"end":{"line":52,"column":18}},"15":{"start":{"line":55,"column":8},"end":{"line":55,"column":35}},"16":{"start":{"line":61,"column":4},"end":{"line":63,"column":9}},"17":{"start":{"line":62,"column":8},"end":{"line":62,"column":15}},"18":{"start":{"line":64,"column":4},"end":{"line":77,"column":5}},"19":{"start":{"line":70,"column":8},"end":{"line":70,"column":14}},"20":{"start":{"line":76,"column":8},"end":{"line":76,"column":14}},"21":{"start":{"line":82,"column":4},"end":{"line":84,"column":9}},"22":{"start":{"line":83,"column":8},"end":{"line":83,"column":15}},"23":{"start":{"line":85,"column":4},"end":{"line":194,"column":5}},"24":{"start":{"line":91,"column":8},"end":{"line":99,"column":10}},"25":{"start":{"line":98,"column":12},"end":{"line":98,"column":35}},"26":{"start":{"line":102,"column":8},"end":{"line":104,"column":63}},"27":{"start":{"line":105,"column":8},"end":{"line":105,"column":14}},"28":{"start":{"line":112,"column":8},"end":{"line":121,"column":10},"skip":true},"29":{"start":{"line":119,"column":12},"end":{"line":119,"column":55},"skip":true},"30":{"start":{"line":120,"column":12},"end":{"line":120,"column":48},"skip":true},"31":{"start":{"line":123,"column":8},"end":{"line":136,"column":10},"skip":true},"32":{"start":{"line":130,"column":12},"end":{"line":130,"column":76},"skip":true},"33":{"start":{"line":131,"column":12},"end":{"line":131,"column":73},"skip":true},"34":{"start":{"line":132,"column":12},"end":{"line":132,"column":74},"skip":true},"35":{"start":{"line":133,"column":12},"end":{"line":133,"column":79},"skip":true},"36":{"start":{"line":134,"column":12},"end":{"line":134,"column":25},"skip":true},"37":{"start":{"line":135,"column":12},"end":{"line":135,"column":45},"skip":true},"38":{"start":{"line":138,"column":8},"end":{"line":145,"column":14},"skip":true},"39":{"start":{"line":143,"column":16},"end":{"line":143,"column":29},"skip":true},"40":{"start":{"line":144,"column":16},"end":{"line":144,"column":55},"skip":true},"41":{"start":{"line":147,"column":8},"end":{"line":156,"column":10},"skip":true},"42":{"start":{"line":154,"column":12},"end":{"line":154,"column":25},"skip":true},"43":{"start":{"line":155,"column":12},"end":{"line":155,"column":45},"skip":true},"44":{"start":{"line":158,"column":8},"end":{"line":167,"column":10},"skip":true},"45":{"start":{"line":165,"column":12},"end":{"line":165,"column":25},"skip":true},"46":{"start":{"line":166,"column":12},"end":{"line":166,"column":48},"skip":true},"47":{"start":{"line":169,"column":8},"end":{"line":178,"column":10},"skip":true},"48":{"start":{"line":176,"column":12},"end":{"line":176,"column":25},"skip":true},"49":{"start":{"line":177,"column":12},"end":{"line":177,"column":46},"skip":true},"50":{"start":{"line":180,"column":8},"end":{"line":189,"column":10},"skip":true},"51":{"start":{"line":187,"column":12},"end":{"line":187,"column":94},"skip":true},"52":{"start":{"line":188,"column":12},"end":{"line":188,"column":48},"skip":true},"53":{"start":{"line":192,"column":8},"end":{"line":192,"column":35},"skip":true},"54":{"start":{"line":193,"column":8},"end":{"line":193,"column":14},"skip":true}},"branchMap":{"1":{"line":25,"type":"binary-expr","locations":[{"start":{"line":25,"column":23},"end":{"line":25,"column":62}},{"start":{"line":26,"column":20},"end":{"line":26,"column":70}},{"start":{"line":27,"column":20},"end":{"line":27,"column":71}},{"start":{"line":28,"column":20},"end":{"line":28,"column":29}}]},"2":{"line":30,"type":"binary-expr","locations":[{"start":{"line":30,"column":23},"end":{"line":30,"column":37}},{"start":{"line":31,"column":20},"end":{"line":31,"column":61}},{"start":{"line":32,"column":20},"end":{"line":32,"column":70}},{"start":{"line":33,"column":20},"end":{"line":33,"column":26}}]},"3":{"line":37,"type":"cond-expr","locations":[{"start":{"line":38,"column":14},"end":{"line":38,"column":20}},{"start":{"line":39,"column":14},"end":{"line":39,"column":20}}]},"4":{"line":40,"type":"switch","locations":[{"start":{"line":42,"column":8},"end":{"line":47,"column":18}},{"start":{"line":49,"column":8},"end":{"line":52,"column":18}}]},"5":{"line":44,"type":"binary-expr","locations":[{"start":{"line":44,"column":16},"end":{"line":44,"column":44}},{"start":{"line":44,"column":48},"end":{"line":44,"column":66}}]},"6":{"line":50,"type":"binary-expr","locations":[{"start":{"line":50,"column":21},"end":{"line":50,"column":49}},{"start":{"line":50,"column":53},"end":{"line":50,"column":72}}]},"7":{"line":64,"type":"switch","locations":[{"start":{"line":69,"column":4},"end":{"line":70,"column":14}},{"start":{"line":75,"column":4},"end":{"line":76,"column":14}}]},"8":{"line":85,"type":"switch","locations":[{"start":{"line":90,"column":4},"end":{"line":105,"column":14}},{"start":{"line":111,"column":4},"end":{"line":193,"column":14},"skip":true}]},"9":{"line":91,"type":"binary-expr","locations":[{"start":{"line":91,"column":42},"end":{"line":91,"column":73}},{"start":{"line":91,"column":77},"end":{"line":99,"column":9}}]},"10":{"line":102,"type":"binary-expr","locations":[{"start":{"line":102,"column":18},"end":{"line":102,"column":32}},{"start":{"line":103,"column":12},"end":{"line":103,"column":53}},{"start":{"line":104,"column":12},"end":{"line":104,"column":61}}]},"11":{"line":112,"type":"binary-expr","locations":[{"start":{"line":112,"column":45},"end":{"line":112,"column":79},"skip":true},{"start":{"line":112,"column":83},"end":{"line":121,"column":9},"skip":true}]},"12":{"line":123,"type":"binary-expr","locations":[{"start":{"line":123,"column":42},"end":{"line":123,"column":73},"skip":true},{"start":{"line":123,"column":77},"end":{"line":136,"column":9},"skip":true}]},"13":{"line":138,"type":"binary-expr","locations":[{"start":{"line":138,"column":48},"end":{"line":138,"column":85},"skip":true},{"start":{"line":139,"column":12},"end":{"line":145,"column":13},"skip":true}]},"14":{"line":147,"type":"binary-expr","locations":[{"start":{"line":147,"column":42},"end":{"line":147,"column":73},"skip":true},{"start":{"line":147,"column":77},"end":{"line":156,"column":9},"skip":true}]},"15":{"line":158,"type":"binary-expr","locations":[{"start":{"line":158,"column":45},"end":{"line":158,"column":79},"skip":true},{"start":{"line":158,"column":83},"end":{"line":167,"column":9},"skip":true}]},"16":{"line":169,"type":"binary-expr","locations":[{"start":{"line":169,"column":43},"end":{"line":169,"column":75},"skip":true},{"start":{"line":169,"column":79},"end":{"line":178,"column":9},"skip":true}]},"17":{"line":180,"type":"binary-expr","locations":[{"start":{"line":180,"column":41},"end":{"line":180,"column":71},"skip":true},{"start":{"line":180,"column":75},"end":{"line":189,"column":9},"skip":true}]}},"code":["/* istanbul instrument in package npmtest_phantomjs */","/*jslint","    bitwise: true,","    browser: true,","    maxerr: 8,","    maxlen: 96,","    node: true,","    nomen: true,","    regexp: true,","    stupid: true","*/","(function () {","    'use strict';","    var local;","","","","    // run shared js-env code - pre-init","    (function () {","        // init local","        local = {};","        // init modeJs","        local.modeJs = (function () {","            try {","                return typeof navigator.userAgent === 'string' &&","                    typeof document.querySelector('body') === 'object' &&","                    typeof XMLHttpRequest.prototype.open === 'function' &&","                    'browser';","            } catch (errorCaughtBrowser) {","                return module.exports &&","                    typeof process.versions.node === 'string' &&","                    typeof require('http').createServer === 'function' &&","                    'node';","            }","        }());","        // init global","        local.global = local.modeJs === 'browser'","            ? window","            : global;","        switch (local.modeJs) {","        // re-init local from window.local","        case 'browser':","            local = local.global.utility2.objectSetDefault(","                local.global.utility2_rollup || local.global.local,","                local.global.utility2","            );","            break;","        // re-init local from example.js","        case 'node':","            local = (local.global.utility2_rollup || require('utility2'))","                .requireExampleJsFromReadme();","            break;","        }","        // export local","        local.global.local = local;","    }());","","","","    // run shared js-env code - function","    (function () {","        return;","    }());","    switch (local.modeJs) {","","","","    // run browser js-env code - function","    case 'browser':","        break;","","","","    // run node js-env code - function","    case 'node':","        break;","    }","","","","    // run shared js-env code - post-init","    (function () {","        return;","    }());","    switch (local.modeJs) {","","","","    // run browser js-env code - post-init","    case 'browser':","        local.testCase_browser_nullCase = local.testCase_browser_nullCase || function (","            options,","            onError","        ) {","        /*","         * this function will test browsers's null-case handling-behavior-behavior","         */","            onError(null, options);","        };","","        // run tests","        local.nop(local.modeTest &&","            document.querySelector('#testRunButton1') &&","            document.querySelector('#testRunButton1').click());","        break;","","","","    // run node js-env code - post-init","    /* istanbul ignore next */","    case 'node':","        local.testCase_buildApidoc_default = local.testCase_buildApidoc_default || function (","            options,","            onError","        ) {","        /*","         * this function will test buildApidoc's default handling-behavior-behavior","         */","            options = { modulePathList: module.paths };","            local.buildApidoc(options, onError);","        };","","        local.testCase_buildApp_default = local.testCase_buildApp_default || function (","            options,","            onError","        ) {","        /*","         * this function will test buildApp's default handling-behavior-behavior","         */","            local.testCase_buildReadme_default(options, local.onErrorThrow);","            local.testCase_buildLib_default(options, local.onErrorThrow);","            local.testCase_buildTest_default(options, local.onErrorThrow);","            local.testCase_buildCustomOrg_default(options, local.onErrorThrow);","            options = [];","            local.buildApp(options, onError);","        };","","        local.testCase_buildCustomOrg_default = local.testCase_buildCustomOrg_default ||","            function (options, onError) {","            /*","             * this function will test buildCustomOrg's default handling-behavior","             */","                options = {};","                local.buildCustomOrg(options, onError);","            };","","        local.testCase_buildLib_default = local.testCase_buildLib_default || function (","            options,","            onError","        ) {","        /*","         * this function will test buildLib's default handling-behavior","         */","            options = {};","            local.buildLib(options, onError);","        };","","        local.testCase_buildReadme_default = local.testCase_buildReadme_default || function (","            options,","            onError","        ) {","        /*","         * this function will test buildReadme's default handling-behavior-behavior","         */","            options = {};","            local.buildReadme(options, onError);","        };","","        local.testCase_buildTest_default = local.testCase_buildTest_default || function (","            options,","            onError","        ) {","        /*","         * this function will test buildTest's default handling-behavior","         */","            options = {};","            local.buildTest(options, onError);","        };","","        local.testCase_webpage_default = local.testCase_webpage_default || function (","            options,","            onError","        ) {","        /*","         * this function will test webpage's default handling-behavior","         */","            options = { modeCoverageMerge: true, url: local.serverLocalHost + '?modeTest=1' };","            local.browserTest(options, onError);","        };","","        // run test-server","        local.testRunServer(local);","        break;","    }","}());",""],"l":{"12":2,"14":2,"19":2,"21":2,"23":2,"24":2,"25":2,"30":1,"37":2,"40":2,"43":1,"47":1,"50":1,"52":1,"55":2,"61":2,"62":2,"64":2,"70":1,"76":1,"82":2,"83":2,"85":2,"91":1,"98":1,"102":1,"105":1,"112":1,"119":1,"120":1,"123":1,"130":1,"131":1,"132":1,"133":1,"134":1,"135":1,"138":1,"143":2,"144":2,"147":1,"154":2,"155":2,"158":1,"165":2,"166":2,"169":1,"176":2,"177":2,"180":1,"187":1,"188":1,"192":1,"193":1}},"/home/travis/build/npmtest/node-npmtest-phantomjs/lib.npmtest_phantomjs.js":{"path":"/home/travis/build/npmtest/node-npmtest-phantomjs/lib.npmtest_phantomjs.js","s":{"1":2,"2":2,"3":2,"4":2,"5":2,"6":2,"7":2,"8":1,"9":2,"10":2,"11":2,"12":2,"13":1,"14":1,"15":1,"16":1},"b":{"1":[2,1,1,1],"2":[1,1,1,1],"3":[1,1],"4":[2,2],"5":[1,1]},"f":{"1":2,"2":2,"3":2},"fnMap":{"1":{"name":"(anonymous_1)","line":12,"loc":{"start":{"line":12,"column":1},"end":{"line":12,"column":13}}},"2":{"name":"(anonymous_2)","line":19,"loc":{"start":{"line":19,"column":5},"end":{"line":19,"column":17}}},"3":{"name":"(anonymous_3)","line":23,"loc":{"start":{"line":23,"column":24},"end":{"line":23,"column":36}}}},"statementMap":{"1":{"start":{"line":12,"column":0},"end":{"line":53,"column":5}},"2":{"start":{"line":14,"column":4},"end":{"line":14,"column":14}},"3":{"start":{"line":19,"column":4},"end":{"line":52,"column":9}},"4":{"start":{"line":21,"column":8},"end":{"line":21,"column":19}},"5":{"start":{"line":23,"column":8},"end":{"line":35,"column":13}},"6":{"start":{"line":24,"column":12},"end":{"line":34,"column":13}},"7":{"start":{"line":25,"column":16},"end":{"line":28,"column":30}},"8":{"start":{"line":30,"column":16},"end":{"line":33,"column":27}},"9":{"start":{"line":37,"column":8},"end":{"line":39,"column":21}},"10":{"start":{"line":41,"column":8},"end":{"line":41,"column":54}},"11":{"start":{"line":43,"column":8},"end":{"line":43,"column":54}},"12":{"start":{"line":45,"column":8},"end":{"line":51,"column":9}},"13":{"start":{"line":46,"column":12},"end":{"line":46,"column":60}},"14":{"start":{"line":48,"column":12},"end":{"line":48,"column":35}},"15":{"start":{"line":49,"column":12},"end":{"line":49,"column":49}},"16":{"start":{"line":50,"column":12},"end":{"line":50,"column":43}}},"branchMap":{"1":{"line":25,"type":"binary-expr","locations":[{"start":{"line":25,"column":23},"end":{"line":25,"column":62}},{"start":{"line":26,"column":20},"end":{"line":26,"column":70}},{"start":{"line":27,"column":20},"end":{"line":27,"column":71}},{"start":{"line":28,"column":20},"end":{"line":28,"column":29}}]},"2":{"line":30,"type":"binary-expr","locations":[{"start":{"line":30,"column":23},"end":{"line":30,"column":37}},{"start":{"line":31,"column":20},"end":{"line":31,"column":61}},{"start":{"line":32,"column":20},"end":{"line":32,"column":70}},{"start":{"line":33,"column":20},"end":{"line":33,"column":26}}]},"3":{"line":37,"type":"cond-expr","locations":[{"start":{"line":38,"column":14},"end":{"line":38,"column":20}},{"start":{"line":39,"column":14},"end":{"line":39,"column":20}}]},"4":{"line":41,"type":"binary-expr","locations":[{"start":{"line":41,"column":16},"end":{"line":41,"column":44}},{"start":{"line":41,"column":48},"end":{"line":41,"column":53}}]},"5":{"line":45,"type":"if","locations":[{"start":{"line":45,"column":8},"end":{"line":45,"column":8}},{"start":{"line":45,"column":8},"end":{"line":45,"column":8}}]}},"code":["/* istanbul instrument in package npmtest_phantomjs */","/*jslint","    bitwise: true,","    browser: true,","    maxerr: 8,","    maxlen: 96,","    node: true,","    nomen: true,","    regexp: true,","    stupid: true","*/","(function () {","    'use strict';","    var local;","","","","    // run shared js-env code - pre-init","    (function () {","        // init local","        local = {};","        // init modeJs","        local.modeJs = (function () {","            try {","                return typeof navigator.userAgent === 'string' &&","                    typeof document.querySelector('body') === 'object' &&","                    typeof XMLHttpRequest.prototype.open === 'function' &&","                    'browser';","            } catch (errorCaughtBrowser) {","                return module.exports &&","                    typeof process.versions.node === 'string' &&","                    typeof require('http').createServer === 'function' &&","                    'node';","            }","        }());","        // init global","        local.global = local.modeJs === 'browser'","            ? window","            : global;","        // init utility2_rollup","        local = local.global.utility2_rollup || local;","        // init lib","        local.local = local.npmtest_phantomjs = local;","        // init exports","        if (local.modeJs === 'browser') {","            local.global.utility2_npmtest_phantomjs = local;","        } else {","            module.exports = local;","            module.exports.__dirname = __dirname;","            module.exports.module = module;","        }","    }());","}());",""],"l":{"12":2,"14":2,"19":2,"21":2,"23":2,"24":2,"25":2,"30":1,"37":2,"41":2,"43":2,"45":2,"46":1,"48":1,"49":1,"50":1}},"/home/travis/build/npmtest/node-npmtest-phantomjs/example.js":{"path":"/home/travis/build/npmtest/node-npmtest-phantomjs/example.js","s":{"1":2,"2":2,"3":2,"4":2,"5":2,"6":2,"7":2,"8":1,"9":2,"10":2,"11":2,"12":2,"13":1,"14":2,"15":2,"16":2,"17":2,"18":2,"19":0,"20":2,"21":1,"22":1,"23":1,"24":1,"25":1,"26":0,"27":0,"28":1,"29":1,"30":2,"31":0,"32":0,"33":0,"34":1,"35":2,"36":2,"37":3,"38":3,"39":3,"40":3,"41":0,"42":3,"43":3,"44":3,"45":1,"46":3,"47":1,"48":1,"49":1,"50":1,"51":1,"52":1,"53":1,"54":1,"55":1,"56":1,"57":0,"58":1,"59":6,"60":6,"61":1,"62":2,"63":0,"64":2,"65":1,"66":1,"67":0,"68":0,"69":0,"70":0,"71":0,"72":0,"73":0,"74":0,"75":0,"76":0,"77":0,"78":0,"79":0,"80":0,"81":0,"82":0,"83":0},"b":{"1":[2,1,1,1],"2":[1,1,1,1],"3":[1,1],"4":[2,2],"5":[1,1],"6":[1,1],"7":[2,0],"8":[2,1,1,1,1,1],"9":[0,2,0],"10":[1,1],"11":[2,1,1],"12":[1,0],"13":[0,2],"14":[2,0,0,0,0,0,0],"15":[0,3],"16":[3,0],"17":[1,1],"18":[0,1],"19":[1,2,0,2],"20":[1,0],"21":[1,1],"22":[0,0],"23":[0,0],"24":[0,0],"25":[0,0],"26":[0,0],"27":[0,0],"28":[0,0]},"f":{"1":2,"2":2,"3":2,"4":2,"5":2,"6":2,"7":3,"8":3,"9":3,"10":1,"11":6,"12":0},"fnMap":{"1":{"name":"(anonymous_1)","line":26,"loc":{"start":{"line":26,"column":1},"end":{"line":26,"column":13}}},"2":{"name":"(anonymous_2)","line":33,"loc":{"start":{"line":33,"column":5},"end":{"line":33,"column":17}}},"3":{"name":"(anonymous_3)","line":37,"loc":{"start":{"line":37,"column":24},"end":{"line":37,"column":36}}},"4":{"name":"(anonymous_4)","line":69,"loc":{"start":{"line":69,"column":31},"end":{"line":69,"column":48}},"skip":true},"5":{"name":"(anonymous_5)","line":78,"loc":{"start":{"line":78,"column":26},"end":{"line":78,"column":45}},"skip":true},"6":{"name":"(anonymous_6)","line":123,"loc":{"start":{"line":123,"column":33},"end":{"line":123,"column":48}},"skip":true},"7":{"name":"(anonymous_7)","line":125,"loc":{"start":{"line":125,"column":27},"end":{"line":125,"column":39}},"skip":true},"8":{"name":"(anonymous_8)","line":133,"loc":{"start":{"line":133,"column":59},"end":{"line":133,"column":74}},"skip":true},"9":{"name":"(anonymous_9)","line":143,"loc":{"start":{"line":143,"column":45},"end":{"line":143,"column":62}},"skip":true},"10":{"name":"(anonymous_10)","line":144,"loc":{"start":{"line":144,"column":73},"end":{"line":144,"column":92}},"skip":true},"11":{"name":"(anonymous_11)","line":272,"loc":{"start":{"line":272,"column":51},"end":{"line":272,"column":77}},"skip":true},"12":{"name":"(anonymous_12)","line":315,"loc":{"start":{"line":315,"column":32},"end":{"line":315,"column":61}},"skip":true}},"statementMap":{"1":{"start":{"line":26,"column":0},"end":{"line":326,"column":5}},"2":{"start":{"line":28,"column":4},"end":{"line":28,"column":14}},"3":{"start":{"line":33,"column":4},"end":{"line":60,"column":9}},"4":{"start":{"line":35,"column":8},"end":{"line":35,"column":19}},"5":{"start":{"line":37,"column":8},"end":{"line":49,"column":13}},"6":{"start":{"line":38,"column":12},"end":{"line":48,"column":13}},"7":{"start":{"line":39,"column":16},"end":{"line":42,"column":30}},"8":{"start":{"line":44,"column":16},"end":{"line":47,"column":27}},"9":{"start":{"line":51,"column":8},"end":{"line":53,"column":21}},"10":{"start":{"line":55,"column":8},"end":{"line":57,"column":45}},"11":{"start":{"line":59,"column":8},"end":{"line":59,"column":35}},"12":{"start":{"line":61,"column":4},"end":{"line":325,"column":5}},"13":{"start":{"line":69,"column":8},"end":{"line":121,"column":10},"skip":true},"14":{"start":{"line":70,"column":12},"end":{"line":88,"column":13},"skip":true},"15":{"start":{"line":76,"column":16},"end":{"line":87,"column":19},"skip":true},"16":{"start":{"line":79,"column":20},"end":{"line":86,"column":21},"skip":true},"17":{"start":{"line":82,"column":24},"end":{"line":82,"column":43},"skip":true},"18":{"start":{"line":83,"column":24},"end":{"line":83,"column":30},"skip":true},"19":{"start":{"line":85,"column":24},"end":{"line":85,"column":49},"skip":true},"20":{"start":{"line":89,"column":12},"end":{"line":107,"column":13},"skip":true},"21":{"start":{"line":92,"column":16},"end":{"line":102,"column":17},"skip":true},"22":{"start":{"line":93,"column":20},"end":{"line":93,"column":86},"skip":true},"23":{"start":{"line":94,"column":20},"end":{"line":95,"column":45},"skip":true},"24":{"start":{"line":96,"column":20},"end":{"line":96,"column":42},"skip":true},"25":{"start":{"line":97,"column":20},"end":{"line":97,"column":48},"skip":true},"26":{"start":{"line":100,"column":20},"end":{"line":100,"column":85},"skip":true},"27":{"start":{"line":101,"column":20},"end":{"line":101,"column":96},"skip":true},"28":{"start":{"line":103,"column":16},"end":{"line":103,"column":22},"skip":true},"29":{"start":{"line":106,"column":16},"end":{"line":106,"column":22},"skip":true},"30":{"start":{"line":108,"column":12},"end":{"line":120,"column":13},"skip":true},"31":{"start":{"line":114,"column":16},"end":{"line":119,"column":17},"skip":true},"32":{"start":{"line":116,"column":20},"end":{"line":116,"column":78},"skip":true},"33":{"start":{"line":118,"column":20},"end":{"line":118,"column":47},"skip":true},"34":{"start":{"line":123,"column":8},"end":{"line":141,"column":11},"skip":true},"35":{"start":{"line":124,"column":12},"end":{"line":124,"column":54},"skip":true},"36":{"start":{"line":125,"column":12},"end":{"line":140,"column":14},"skip":true},"37":{"start":{"line":126,"column":16},"end":{"line":126,"column":28},"skip":true},"38":{"start":{"line":127,"column":16},"end":{"line":127,"column":69},"skip":true},"39":{"start":{"line":128,"column":16},"end":{"line":128,"column":75},"skip":true},"40":{"start":{"line":129,"column":16},"end":{"line":131,"column":17},"skip":true},"41":{"start":{"line":130,"column":20},"end":{"line":130,"column":27},"skip":true},"42":{"start":{"line":133,"column":16},"end":{"line":137,"column":36},"skip":true},"43":{"start":{"line":134,"column":20},"end":{"line":136,"column":55},"skip":true},"44":{"start":{"line":139,"column":16},"end":{"line":139,"column":57},"skip":true},"45":{"start":{"line":143,"column":8},"end":{"line":147,"column":11},"skip":true},"46":{"start":{"line":144,"column":12},"end":{"line":146,"column":15},"skip":true},"47":{"start":{"line":145,"column":16},"end":{"line":145,"column":70},"skip":true},"48":{"start":{"line":149,"column":8},"end":{"line":149,"column":31},"skip":true},"49":{"start":{"line":150,"column":8},"end":{"line":150,"column":14},"skip":true},"50":{"start":{"line":158,"column":8},"end":{"line":158,"column":31},"skip":true},"51":{"start":{"line":160,"column":8},"end":{"line":160,"column":33},"skip":true},"52":{"start":{"line":161,"column":8},"end":{"line":161,"column":37},"skip":true},"53":{"start":{"line":162,"column":8},"end":{"line":162,"column":35},"skip":true},"54":{"start":{"line":164,"column":8},"end":{"line":164,"column":50},"skip":true},"55":{"start":{"line":166,"column":8},"end":{"line":256,"column":2},"skip":true},"56":{"start":{"line":258,"column":8},"end":{"line":286,"column":9},"skip":true},"57":{"start":{"line":259,"column":12},"end":{"line":269,"column":14},"skip":true},"58":{"start":{"line":271,"column":12},"end":{"line":285,"column":19},"skip":true},"59":{"start":{"line":274,"column":20},"end":{"line":274,"column":35},"skip":true},"60":{"start":{"line":275,"column":20},"end":{"line":284,"column":21},"skip":true},"61":{"start":{"line":277,"column":24},"end":{"line":277,"column":64},"skip":true},"62":{"start":{"line":279,"column":24},"end":{"line":279,"column":40},"skip":true},"63":{"start":{"line":281,"column":24},"end":{"line":281,"column":40},"skip":true},"64":{"start":{"line":283,"column":24},"end":{"line":283,"column":39},"skip":true},"65":{"start":{"line":288,"column":8},"end":{"line":290,"column":9},"skip":true},"66":{"start":{"line":289,"column":12},"end":{"line":289,"column":18},"skip":true},"67":{"start":{"line":291,"column":8},"end":{"line":293,"column":54},"skip":true},"68":{"start":{"line":296,"column":8},"end":{"line":301,"column":37},"skip":true},"69":{"start":{"line":303,"column":8},"end":{"line":303,"column":82},"skip":true},"70":{"start":{"line":306,"column":8},"end":{"line":308,"column":9},"skip":true},"71":{"start":{"line":307,"column":12},"end":{"line":307,"column":82},"skip":true},"72":{"start":{"line":310,"column":8},"end":{"line":312,"column":9},"skip":true},"73":{"start":{"line":311,"column":12},"end":{"line":311,"column":18},"skip":true},"74":{"start":{"line":313,"column":8},"end":{"line":313,"column":54},"skip":true},"75":{"start":{"line":314,"column":8},"end":{"line":314,"column":69},"skip":true},"76":{"start":{"line":315,"column":8},"end":{"line":323,"column":36},"skip":true},"77":{"start":{"line":316,"column":12},"end":{"line":316,"column":61},"skip":true},"78":{"start":{"line":317,"column":12},"end":{"line":320,"column":13},"skip":true},"79":{"start":{"line":318,"column":16},"end":{"line":318,"column":75},"skip":true},"80":{"start":{"line":319,"column":16},"end":{"line":319,"column":23},"skip":true},"81":{"start":{"line":321,"column":12},"end":{"line":321,"column":38},"skip":true},"82":{"start":{"line":322,"column":12},"end":{"line":322,"column":27},"skip":true},"83":{"start":{"line":324,"column":8},"end":{"line":324,"column":14},"skip":true}},"branchMap":{"1":{"line":39,"type":"binary-expr","locations":[{"start":{"line":39,"column":23},"end":{"line":39,"column":62}},{"start":{"line":40,"column":20},"end":{"line":40,"column":70}},{"start":{"line":41,"column":20},"end":{"line":41,"column":71}},{"start":{"line":42,"column":20},"end":{"line":42,"column":29}}]},"2":{"line":44,"type":"binary-expr","locations":[{"start":{"line":44,"column":23},"end":{"line":44,"column":37}},{"start":{"line":45,"column":20},"end":{"line":45,"column":61}},{"start":{"line":46,"column":20},"end":{"line":46,"column":70}},{"start":{"line":47,"column":20},"end":{"line":47,"column":26}}]},"3":{"line":51,"type":"cond-expr","locations":[{"start":{"line":52,"column":14},"end":{"line":52,"column":20}},{"start":{"line":53,"column":14},"end":{"line":53,"column":20}}]},"4":{"line":55,"type":"binary-expr","locations":[{"start":{"line":55,"column":16},"end":{"line":55,"column":44}},{"start":{"line":55,"column":49},"end":{"line":57,"column":43}}]},"5":{"line":55,"type":"cond-expr","locations":[{"start":{"line":56,"column":14},"end":{"line":56,"column":53}},{"start":{"line":57,"column":14},"end":{"line":57,"column":43}}]},"6":{"line":61,"type":"switch","locations":[{"start":{"line":68,"column":4},"end":{"line":150,"column":14},"skip":true},{"start":{"line":156,"column":4},"end":{"line":324,"column":14},"skip":true}]},"7":{"line":70,"type":"if","locations":[{"start":{"line":70,"column":12},"end":{"line":70,"column":12},"skip":true},{"start":{"line":70,"column":12},"end":{"line":70,"column":12},"skip":true}]},"8":{"line":70,"type":"binary-expr","locations":[{"start":{"line":70,"column":16},"end":{"line":70,"column":22},"skip":true},{"start":{"line":70,"column":27},"end":{"line":70,"column":32},"skip":true},{"start":{"line":71,"column":20},"end":{"line":71,"column":39},"skip":true},{"start":{"line":72,"column":20},"end":{"line":72,"column":49},"skip":true},{"start":{"line":73,"column":20},"end":{"line":73,"column":58},"skip":true},{"start":{"line":74,"column":20},"end":{"line":74,"column":69},"skip":true}]},"9":{"line":79,"type":"switch","locations":[{"start":{"line":80,"column":20},"end":{"line":80,"column":33},"skip":true},{"start":{"line":81,"column":20},"end":{"line":83,"column":30},"skip":true},{"start":{"line":84,"column":20},"end":{"line":85,"column":49},"skip":true}]},"10":{"line":89,"type":"switch","locations":[{"start":{"line":90,"column":12},"end":{"line":103,"column":22},"skip":true},{"start":{"line":105,"column":12},"end":{"line":106,"column":22},"skip":true}]},"11":{"line":89,"type":"binary-expr","locations":[{"start":{"line":89,"column":20},"end":{"line":89,"column":25},"skip":true},{"start":{"line":89,"column":29},"end":{"line":89,"column":48},"skip":true},{"start":{"line":89,"column":52},"end":{"line":89,"column":74},"skip":true}]},"12":{"line":92,"type":"if","locations":[{"start":{"line":92,"column":16},"end":{"line":92,"column":16},"skip":true},{"start":{"line":92,"column":16},"end":{"line":92,"column":16},"skip":true}]},"13":{"line":108,"type":"if","locations":[{"start":{"line":108,"column":12},"end":{"line":108,"column":12},"skip":true},{"start":{"line":108,"column":12},"end":{"line":108,"column":12},"skip":true}]},"14":{"line":108,"type":"binary-expr","locations":[{"start":{"line":108,"column":16},"end":{"line":108,"column":61},"skip":true},{"start":{"line":108,"column":66},"end":{"line":108,"column":72},"skip":true},{"start":{"line":108,"column":77},"end":{"line":108,"column":82},"skip":true},{"start":{"line":109,"column":20},"end":{"line":109,"column":39},"skip":true},{"start":{"line":110,"column":20},"end":{"line":110,"column":49},"skip":true},{"start":{"line":111,"column":20},"end":{"line":111,"column":58},"skip":true},{"start":{"line":112,"column":20},"end":{"line":112,"column":68},"skip":true}]},"15":{"line":129,"type":"if","locations":[{"start":{"line":129,"column":16},"end":{"line":129,"column":16},"skip":true},{"start":{"line":129,"column":16},"end":{"line":129,"column":16},"skip":true}]},"16":{"line":134,"type":"cond-expr","locations":[{"start":{"line":135,"column":26},"end":{"line":135,"column":29},"skip":true},{"start":{"line":136,"column":26},"end":{"line":136,"column":54},"skip":true}]},"17":{"line":164,"type":"binary-expr","locations":[{"start":{"line":164,"column":27},"end":{"line":164,"column":43},"skip":true},{"start":{"line":164,"column":47},"end":{"line":164,"column":49},"skip":true}]},"18":{"line":258,"type":"if","locations":[{"start":{"line":258,"column":8},"end":{"line":258,"column":8},"skip":true},{"start":{"line":258,"column":8},"end":{"line":258,"column":8},"skip":true}]},"19":{"line":275,"type":"switch","locations":[{"start":{"line":276,"column":20},"end":{"line":277,"column":64},"skip":true},{"start":{"line":278,"column":20},"end":{"line":279,"column":40},"skip":true},{"start":{"line":280,"column":20},"end":{"line":281,"column":40},"skip":true},{"start":{"line":282,"column":20},"end":{"line":283,"column":39},"skip":true}]},"20":{"line":288,"type":"if","locations":[{"start":{"line":288,"column":8},"end":{"line":288,"column":8},"skip":true},{"start":{"line":288,"column":8},"end":{"line":288,"column":8},"skip":true}]},"21":{"line":288,"type":"binary-expr","locations":[{"start":{"line":288,"column":12},"end":{"line":288,"column":40},"skip":true},{"start":{"line":288,"column":44},"end":{"line":288,"column":67},"skip":true}]},"22":{"line":292,"type":"binary-expr","locations":[{"start":{"line":292,"column":12},"end":{"line":292,"column":50},"skip":true},{"start":{"line":293,"column":12},"end":{"line":293,"column":53},"skip":true}]},"23":{"line":297,"type":"binary-expr","locations":[{"start":{"line":297,"column":12},"end":{"line":297,"column":67},"skip":true},{"start":{"line":298,"column":12},"end":{"line":301,"column":36},"skip":true}]},"24":{"line":303,"type":"binary-expr","locations":[{"start":{"line":303,"column":43},"end":{"line":303,"column":75},"skip":true},{"start":{"line":303,"column":79},"end":{"line":303,"column":81},"skip":true}]},"25":{"line":306,"type":"if","locations":[{"start":{"line":306,"column":8},"end":{"line":306,"column":8},"skip":true},{"start":{"line":306,"column":8},"end":{"line":306,"column":8},"skip":true}]},"26":{"line":310,"type":"if","locations":[{"start":{"line":310,"column":8},"end":{"line":310,"column":8},"skip":true},{"start":{"line":310,"column":8},"end":{"line":310,"column":8},"skip":true}]},"27":{"line":313,"type":"binary-expr","locations":[{"start":{"line":313,"column":27},"end":{"line":313,"column":43},"skip":true},{"start":{"line":313,"column":47},"end":{"line":313,"column":53},"skip":true}]},"28":{"line":317,"type":"if","locations":[{"start":{"line":317,"column":12},"end":{"line":317,"column":12},"skip":true},{"start":{"line":317,"column":12},"end":{"line":317,"column":12},"skip":true}]}},"code":["/*","example.js","","quickstart example","","instruction","    1. save this script as example.js","    2. run the shell command:","        $ npm install npmtest-phantomjs && PORT=8081 node example.js","    3. play with the browser-demo on http://127.0.0.1:8081","*/","","","","/* istanbul instrument in package npmtest_phantomjs */","/*jslint","    bitwise: true,","    browser: true,","    maxerr: 8,","    maxlen: 96,","    node: true,","    nomen: true,","    regexp: true,","    stupid: true","*/","(function () {","    'use strict';","    var local;","","","","    // run shared js-env code - pre-init","    (function () {","        // init local","        local = {};","        // init modeJs","        local.modeJs = (function () {","            try {","                return typeof navigator.userAgent === 'string' &&","                    typeof document.querySelector('body') === 'object' &&","                    typeof XMLHttpRequest.prototype.open === 'function' &&","                    'browser';","            } catch (errorCaughtBrowser) {","                return module.exports &&","                    typeof process.versions.node === 'string' &&","                    typeof require('http').createServer === 'function' &&","                    'node';","            }","        }());","        // init global","        local.global = local.modeJs === 'browser'","            ? window","            : global;","        // init utility2_rollup","        local = local.global.utility2_rollup || (local.modeJs === 'browser'","            ? local.global.utility2_npmtest_phantomjs","            : global.utility2_moduleExports);","        // export local","        local.global.local = local;","    }());","    switch (local.modeJs) {","","","","    // post-init","    // run browser js-env code - post-init","    /* istanbul ignore next */","    case 'browser':","        local.testRunBrowser = function (event) {","            if (!event || (event &&","                    event.currentTarget &&","                    event.currentTarget.className &&","                    event.currentTarget.className.includes &&","                    event.currentTarget.className.includes('onreset'))) {","                // reset output","                Array.from(","                    document.querySelectorAll('body > .resettable')","                ).forEach(function (element) {","                    switch (element.tagName) {","                    case 'INPUT':","                    case 'TEXTAREA':","                        element.value = '';","                        break;","                    default:","                        element.textContent = '';","                    }","                });","            }","            switch (event && event.currentTarget && event.currentTarget.id) {","            case 'testRunButton1':","                // show tests","                if (document.querySelector('#testReportDiv1').style.display === 'none') {","                    document.querySelector('#testReportDiv1').style.display = 'block';","                    document.querySelector('#testRunButton1').textContent =","                        'hide internal test';","                    local.modeTest = true;","                    local.testRunDefault(local);","                // hide tests","                } else {","                    document.querySelector('#testReportDiv1').style.display = 'none';","                    document.querySelector('#testRunButton1').textContent = 'run internal test';","                }","                break;","            // custom-case","            default:","                break;","            }","            if (document.querySelector('#inputTextareaEval1') && (!event || (event &&","                    event.currentTarget &&","                    event.currentTarget.className &&","                    event.currentTarget.className.includes &&","                    event.currentTarget.className.includes('oneval')))) {","                // try to eval input-code","                try {","                    /*jslint evil: true*/","                    eval(document.querySelector('#inputTextareaEval1').value);","                } catch (errorCaught) {","                    console.error(errorCaught);","                }","            }","        };","        // log stderr and stdout to #outputTextareaStdout1","        ['error', 'log'].forEach(function (key) {","            console[key + '_original'] = console[key];","            console[key] = function () {","                var element;","                console[key + '_original'].apply(console, arguments);","                element = document.querySelector('#outputTextareaStdout1');","                if (!element) {","                    return;","                }","                // append text to #outputTextareaStdout1","                element.value += Array.from(arguments).map(function (arg) {","                    return typeof arg === 'string'","                        ? arg","                        : JSON.stringify(arg, null, 4);","                }).join(' ') + '\\n';","                // scroll textarea to bottom","                element.scrollTop = element.scrollHeight;","            };","        });","        // init event-handling","        ['change', 'click', 'keyup'].forEach(function (event) {","            Array.from(document.querySelectorAll('.on' + event)).forEach(function (element) {","                element.addEventListener(event, local.testRunBrowser);","            });","        });","        // run tests","        local.testRunBrowser();","        break;","","","","    // run node js-env code - post-init","    /* istanbul ignore next */","    case 'node':","        // export local","        module.exports = local;","        // require modules","        local.fs = require('fs');","        local.http = require('http');","        local.url = require('url');","        // init assets","        local.assetsDict = local.assetsDict || {};","        /* jslint-ignore-begin */","        local.assetsDict['/assets.index.template.html'] = '\\","<!doctype html>\\n\\","<html lang=\"en\">\\n\\","<head>\\n\\","<meta charset=\"UTF-8\">\\n\\","<meta name=\"viewport\" content=\"width=device-width, initial-scale=1\">\\n\\","<title>{{env.npm_package_name}} (v{{env.npm_package_version}})</title>\\n\\","<style>\\n\\","/*csslint\\n\\","    box-sizing: false,\\n\\","    universal-selector: false\\n\\","*/\\n\\","* {\\n\\","    box-sizing: border-box;\\n\\","}\\n\\","body {\\n\\","    background: #dde;\\n\\","    font-family: Arial, Helvetica, sans-serif;\\n\\","    margin: 2rem;\\n\\","}\\n\\","body > * {\\n\\","    margin-bottom: 1rem;\\n\\","}\\n\\",".utility2FooterDiv {\\n\\","    margin-top: 20px;\\n\\","    text-align: center;\\n\\","}\\n\\","</style>\\n\\","<style>\\n\\","/*csslint\\n\\","*/\\n\\","textarea {\\n\\","    font-family: monospace;\\n\\","    height: 10rem;\\n\\","    width: 100%;\\n\\","}\\n\\","textarea[readonly] {\\n\\","    background: #ddd;\\n\\","}\\n\\","</style>\\n\\","</head>\\n\\","<body>\\n\\","<!-- utility2-comment\\n\\","<div id=\"ajaxProgressDiv1\" style=\"background: #d00; height: 2px; left: 0; margin: 0; padding: 0; position: fixed; top: 0; transition: background 0.5s, width 1.5s; width: 25%;\"></div>\\n\\","utility2-comment -->\\n\\","<h1>\\n\\","<!-- utility2-comment\\n\\","    <a\\n\\","        {{#if env.npm_package_homepage}}\\n\\","        href=\"{{env.npm_package_homepage}}\"\\n\\","        {{/if env.npm_package_homepage}}\\n\\","        target=\"_blank\"\\n\\","    >\\n\\","utility2-comment -->\\n\\","        {{env.npm_package_name}} (v{{env.npm_package_version}})\\n\\","<!-- utility2-comment\\n\\","    </a>\\n\\","utility2-comment -->\\n\\","</h1>\\n\\","<h3>{{env.npm_package_description}}</h3>\\n\\","<!-- utility2-comment\\n\\","<h4><a download href=\"assets.app.js\">download standalone app</a></h4>\\n\\","<button class=\"onclick onreset\" id=\"testRunButton1\">run internal test</button><br>\\n\\","<div id=\"testReportDiv1\" style=\"display: none;\"></div>\\n\\","utility2-comment -->\\n\\","\\n\\","\\n\\","\\n\\","<label>stderr and stdout</label>\\n\\","<textarea class=\"resettable\" id=\"outputTextareaStdout1\" readonly></textarea>\\n\\","<!-- utility2-comment\\n\\","{{#if isRollup}}\\n\\","<script src=\"assets.app.js\"></script>\\n\\","{{#unless isRollup}}\\n\\","utility2-comment -->\\n\\","<script src=\"assets.utility2.rollup.js\"></script>\\n\\","<script src=\"jsonp.utility2._stateInit?callback=window.utility2._stateInit\"></script>\\n\\","<script src=\"assets.npmtest_phantomjs.rollup.js\"></script>\\n\\","<script src=\"assets.example.js\"></script>\\n\\","<script src=\"assets.test.js\"></script>\\n\\","<!-- utility2-comment\\n\\","{{/if isRollup}}\\n\\","utility2-comment -->\\n\\","<div class=\"utility2FooterDiv\">\\n\\","    [ this app was created with\\n\\","    <a href=\"https://github.com/kaizhu256/node-utility2\" target=\"_blank\">utility2</a>\\n\\","    ]\\n\\","</div>\\n\\","</body>\\n\\","</html>\\n\\","';","        /* jslint-ignore-end */","        if (local.templateRender) {","            local.assetsDict['/'] = local.templateRender(","                local.assetsDict['/assets.index.template.html'],","                {","                    env: local.objectSetDefault(local.env, {","                        npm_package_description: 'the greatest app in the world!',","                        npm_package_name: 'my-app',","                        npm_package_nameAlias: 'my_app',","                        npm_package_version: '0.0.1'","                    })","                }","            );","        } else {","            local.assetsDict['/'] = local.assetsDict['/assets.index.template.html']","                .replace((/\\{\\{env\\.(\\w+?)\\}\\}/g), function (match0, match1) {","                    // jslint-hack","                    String(match0);","                    switch (match1) {","                    case 'npm_package_description':","                        return 'the greatest app in the world!';","                    case 'npm_package_name':","                        return 'my-app';","                    case 'npm_package_nameAlias':","                        return 'my_app';","                    case 'npm_package_version':","                        return '0.0.1';","                    }","                });","        }","        // run the cli","        if (local.global.utility2_rollup || module !== require.main) {","            break;","        }","        local.assetsDict['/assets.example.js'] =","            local.assetsDict['/assets.example.js'] ||","            local.fs.readFileSync(__filename, 'utf8');","        // bug-workaround - long $npm_package_buildCustomOrg","        /* jslint-ignore-begin */","        local.assetsDict['/assets.npmtest_phantomjs.rollup.js'] =","            local.assetsDict['/assets.npmtest_phantomjs.rollup.js'] ||","            local.fs.readFileSync(","                local.npmtest_phantomjs.__dirname + '/lib.npmtest_phantomjs.js',","                'utf8'","            ).replace((/^#!/), '//');","        /* jslint-ignore-end */","        local.assetsDict['/favicon.ico'] = local.assetsDict['/favicon.ico'] || '';","        // if $npm_config_timeout_exit exists,","        // then exit this process after $npm_config_timeout_exit ms","        if (Number(process.env.npm_config_timeout_exit)) {","            setTimeout(process.exit, Number(process.env.npm_config_timeout_exit));","        }","        // start server","        if (local.global.utility2_serverHttp1) {","            break;","        }","        process.env.PORT = process.env.PORT || '8081';","        console.error('server starting on port ' + process.env.PORT);","        local.http.createServer(function (request, response) {","            request.urlParsed = local.url.parse(request.url);","            if (local.assetsDict[request.urlParsed.pathname] !== undefined) {","                response.end(local.assetsDict[request.urlParsed.pathname]);","                return;","            }","            response.statusCode = 404;","            response.end();","        }).listen(process.env.PORT);","        break;","    }","}());",""],"l":{"26":2,"28":2,"33":2,"35":2,"37":2,"38":2,"39":2,"44":1,"51":2,"55":2,"59":2,"61":2,"69":1,"70":2,"76":2,"79":2,"82":2,"83":2,"85":1,"89":2,"92":1,"93":1,"94":1,"96":1,"97":1,"100":1,"101":1,"103":1,"106":1,"108":2,"114":1,"116":1,"118":1,"123":1,"124":2,"125":2,"126":3,"127":3,"128":3,"129":3,"130":1,"133":3,"134":3,"139":3,"143":1,"144":3,"145":1,"149":1,"150":1,"158":1,"160":1,"161":1,"162":1,"164":1,"166":1,"258":1,"259":1,"271":1,"274":6,"275":6,"277":1,"279":2,"281":1,"283":2,"288":1,"289":1,"291":1,"296":1,"303":1,"306":1,"307":1,"310":1,"311":1,"313":1,"314":1,"315":1,"316":1,"317":1,"318":1,"319":1,"321":1,"322":1,"324":1}},"/home/travis/build/npmtest/node-npmtest-phantomjs/node_modules/phantomjs/lib/phantomjs.js":{"path":"/home/travis/build/npmtest/node-npmtest-phantomjs/node_modules/phantomjs/lib/phantomjs.js","s":{"1":1,"2":1,"3":1,"4":1,"5":1,"6":1,"7":1,"8":0,"9":1,"10":1,"11":1,"12":1,"13":1,"14":1,"15":1,"16":1,"17":0},"b":{"1":[1,0],"2":[0,1]},"f":{"1":1},"fnMap":{"1":{"name":"(anonymous_1)","line":40,"loc":{"start":{"line":40,"column":20},"end":{"line":40,"column":36}}}},"statementMap":{"1":{"start":{"line":8,"column":0},"end":{"line":8,"column":22}},"2":{"start":{"line":9,"column":0},"end":{"line":9,"column":26}},"3":{"start":{"line":16,"column":0},"end":{"line":24,"column":1}},"4":{"start":{"line":17,"column":2},"end":{"line":17,"column":38}},"5":{"start":{"line":18,"column":2},"end":{"line":18,"column":59}},"6":{"start":{"line":19,"column":2},"end":{"line":19,"column":38}},"7":{"start":{"line":20,"column":2},"end":{"line":20,"column":30}},"8":{"start":{"line":23,"column":2},"end":{"line":23,"column":21}},"9":{"start":{"line":31,"column":0},"end":{"line":31,"column":25}},"10":{"start":{"line":40,"column":0},"end":{"line":46,"column":1}},"11":{"start":{"line":41,"column":2},"end":{"line":45,"column":25}},"12":{"start":{"line":51,"column":0},"end":{"line":63,"column":1}},"13":{"start":{"line":52,"column":2},"end":{"line":62,"column":3}},"14":{"start":{"line":54,"column":4},"end":{"line":54,"column":39}},"15":{"start":{"line":55,"column":4},"end":{"line":55,"column":45}},"16":{"start":{"line":56,"column":4},"end":{"line":58,"column":5}},"17":{"start":{"line":57,"column":6},"end":{"line":57,"column":39}}},"branchMap":{"1":{"line":51,"type":"if","locations":[{"start":{"line":51,"column":0},"end":{"line":51,"column":0}},{"start":{"line":51,"column":0},"end":{"line":51,"column":0}}]},"2":{"line":56,"type":"if","locations":[{"start":{"line":56,"column":4},"end":{"line":56,"column":4}},{"start":{"line":56,"column":4},"end":{"line":56,"column":4}}]}},"code":["// Copyright 2013 The Obvious Corporation.","","/**"," * @fileoverview Helpers made available via require('phantomjs') once package is"," * installed."," */","","var fs = require('fs')","var path = require('path')","","","/**"," * Where the phantom binary can be found."," * @type {string}"," */","try {","  var location = require('./location')","  exports.path = path.resolve(__dirname, location.location)","  exports.platform = location.platform","  exports.arch = location.arch","} catch(e) {","  // Must be running inside install script.","  exports.path = null","}","","","/**"," * The version of phantomjs installed by this package."," * @type {number}"," */","exports.version = '2.1.1'","","","/**"," * Returns a clean path that helps avoid `which` finding bin files installed"," * by NPM for this repo."," * @param {string} path"," * @return {string}"," */","exports.cleanPath = function (path) {","  return path","      .replace(/:[^:]*node_modules[^:]*/g, '')","      .replace(/(^|:)\\.\\/bin(\\:|$)/g, ':')","      .replace(/^:+/, '')","      .replace(/:+$/, '')","}","","","// Make sure the binary is executable.  For some reason doing this inside","// install does not work correctly, likely due to some NPM step.","if (exports.path) {","  try {","    // avoid touching the binary if it's already got the correct permissions","    var st = fs.statSync(exports.path);","    var mode = st.mode | parseInt(\"0555\", 8);","    if (mode !== st.mode) {","      fs.chmodSync(exports.path, mode);","    }","  } catch (e) {","    // Just ignore error if we don't have permission.","    // We did our best. Likely because phantomjs was already installed.","  }","}",""],"l":{"8":1,"9":1,"16":1,"17":1,"18":1,"19":1,"20":1,"23":0,"31":1,"40":1,"41":1,"51":1,"52":1,"54":1,"55":1,"56":1,"57":0}},"/home/travis/build/npmtest/node-npmtest-phantomjs/node_modules/phantomjs/lib/location.js":{"path":"/home/travis/build/npmtest/node-npmtest-phantomjs/node_modules/phantomjs/lib/location.js","s":{"1":1,"2":1,"3":1},"b":{},"f":{},"fnMap":{},"statementMap":{"1":{"start":{"line":1,"column":0},"end":{"line":1,"column":49}},"2":{"start":{"line":2,"column":0},"end":{"line":2,"column":33}},"3":{"start":{"line":3,"column":0},"end":{"line":3,"column":27}}},"branchMap":{},"code":["module.exports.location = \"phantom/bin/phantomjs\"","module.exports.platform = \"linux\"","module.exports.arch = \"x64\"",""],"l":{"1":1,"2":1,"3":1}},"/home/travis/build/npmtest/node-npmtest-phantomjs/node_modules/phantomjs/install.js":{"path":"/home/travis/build/npmtest/node-npmtest-phantomjs/node_modules/phantomjs/install.js","s":{"1":1,"2":1,"3":1,"4":1,"5":1,"6":1,"7":1,"8":1,"9":1,"10":1,"11":1,"12":1,"13":1,"14":1,"15":1,"16":1,"17":0,"18":0,"19":0,"20":1,"21":1,"22":1,"23":1,"24":1,"25":1,"26":1,"27":1,"28":1,"29":0,"30":0,"31":0,"32":0,"33":1,"34":1,"35":1,"36":1,"37":0,"38":0,"39":1,"40":2,"41":2,"42":0,"43":2,"44":2,"45":2,"46":2,"47":2,"48":2,"49":1,"50":2,"51":2,"52":2,"53":1,"54":1,"55":1,"56":1,"57":1,"58":1,"59":1,"60":1,"61":1,"62":1,"63":1,"64":1,"65":0,"66":0,"67":0,"68":1,"69":0,"70":0,"71":0,"72":0,"73":0,"74":0,"75":0,"76":0,"77":0,"78":0,"79":0,"80":0,"81":0,"82":0,"83":0,"84":0,"85":0,"86":0,"87":0,"88":0,"89":0,"90":0,"91":0,"92":0,"93":0,"94":1,"95":0,"96":0,"97":0,"98":0,"99":0,"100":0,"101":0,"102":0,"103":1,"104":0,"105":0,"106":0,"107":0,"108":0,"109":0,"110":0,"111":0,"112":0,"113":0,"114":0,"115":0,"116":0,"117":0,"118":0,"119":0,"120":0,"121":0,"122":0,"123":0,"124":0,"125":1,"126":1,"127":1,"128":1,"129":1,"130":1,"131":1,"132":0,"133":0,"134":0,"135":0,"136":0,"137":0,"138":1,"139":1,"140":1,"141":0,"142":0,"143":1,"144":1,"145":1,"146":1,"147":1,"148":1,"149":1,"150":1,"151":1,"152":1,"153":1,"154":0,"155":0,"156":1,"157":2,"158":2,"159":2,"160":2,"161":2,"162":1,"163":1,"164":1,"165":1,"166":1,"167":1,"168":0,"169":0,"170":1,"171":1,"172":0,"173":0,"174":1,"175":1,"176":1,"177":1,"178":0,"179":0,"180":1,"181":1,"182":1,"183":1,"184":1,"185":1,"186":1,"187":1,"188":1,"189":0,"190":0,"191":0,"192":0,"193":0,"194":0,"195":0,"196":0,"197":1,"198":0,"199":0,"200":1,"201":1,"202":1,"203":1,"204":1,"205":1,"206":1,"207":1,"208":1,"209":0,"210":0,"211":0,"212":0,"213":0,"214":0,"215":0,"216":0,"217":0,"218":0,"219":1,"220":1,"221":1,"222":1,"223":0,"224":0,"225":1,"226":1,"227":1,"228":1,"229":1,"230":1,"231":1,"232":1,"233":1,"234":0,"235":1,"236":1,"237":0,"238":0,"239":0,"240":1,"241":1,"242":1,"243":1,"244":1,"245":0,"246":1,"247":0,"248":0,"249":1,"250":0,"251":0,"252":0,"253":0,"254":0,"255":0,"256":0,"257":0,"258":0,"259":1,"260":11,"261":1,"262":8},"b":{"1":[0,0],"2":[0,1],"3":[0,0],"4":[0,2],"5":[2,0],"6":[2,2],"7":[2,2],"8":[1,1,1],"9":[0,0],"10":[0,0,0],"11":[0,0],"12":[0,0],"13":[0,0],"14":[0,0],"15":[0,0],"16":[0,0],"17":[0,0],"18":[0,0],"19":[0,0,0],"20":[0,0],"21":[0,0],"22":[0,0],"23":[0,0],"24":[0,0],"25":[0,1],"26":[0,0],"27":[0,1],"28":[1,0],"29":[1,1],"30":[2,0],"31":[2,2,2],"32":[1,0],"33":[0,1],"34":[0,1],"35":[1,1],"36":[0,1],"37":[1,0],"38":[1,0],"39":[0,0],"40":[0,0],"41":[1,1,1],"42":[1,0],"43":[1,1],"44":[0,0],"45":[0,0],"46":[0,0],"47":[0,0,0],"48":[0,0],"49":[0,1],"50":[1,0],"51":[1,0],"52":[1,0],"53":[0,0],"54":[11,11],"55":[8,8]},"f":{"1":0,"2":1,"3":1,"4":0,"5":2,"6":2,"7":1,"8":0,"9":0,"10":0,"11":0,"12":0,"13":1,"14":0,"15":1,"16":1,"17":1,"18":2,"19":1,"20":1,"21":0,"22":1,"23":1,"24":0,"25":0,"26":0,"27":0,"28":1,"29":1,"30":1,"31":1,"32":1,"33":1,"34":0,"35":0,"36":0,"37":0,"38":11,"39":8},"fnMap":{"1":{"name":"(anonymous_1)","line":28,"loc":{"start":{"line":28,"column":19},"end":{"line":28,"column":31}}},"2":{"name":"(anonymous_2)","line":60,"loc":{"start":{"line":60,"column":8},"end":{"line":60,"column":33}}},"3":{"name":"(anonymous_3)","line":63,"loc":{"start":{"line":63,"column":8},"end":{"line":63,"column":20}}},"4":{"name":"(anonymous_4)","line":85,"loc":{"start":{"line":85,"column":8},"end":{"line":85,"column":23}}},"5":{"name":"writeLocationFile","line":91,"loc":{"start":{"line":91,"column":0},"end":{"line":91,"column":37}}},"6":{"name":"exit","line":111,"loc":{"start":{"line":111,"column":0},"end":{"line":111,"column":20}}},"7":{"name":"findSuitableTempDirectory","line":118,"loc":{"start":{"line":118,"column":0},"end":{"line":118,"column":37}}},"8":{"name":"getRequestOptions","line":150,"loc":{"start":{"line":150,"column":0},"end":{"line":150,"column":29}}},"9":{"name":"handleRequestError","line":215,"loc":{"start":{"line":215,"column":0},"end":{"line":215,"column":35}}},"10":{"name":"requestBinary","line":231,"loc":{"start":{"line":231,"column":0},"end":{"line":231,"column":49}}},"11":{"name":"(anonymous_11)","line":238,"loc":{"start":{"line":238,"column":42},"end":{"line":238,"column":75}}},"12":{"name":"(anonymous_12)","line":258,"loc":{"start":{"line":258,"column":21},"end":{"line":258,"column":38}}},"13":{"name":"extractDownload","line":275,"loc":{"start":{"line":275,"column":0},"end":{"line":275,"column":35}}},"14":{"name":"(anonymous_14)","line":289,"loc":{"start":{"line":289,"column":61},"end":{"line":289,"column":75}}},"15":{"name":"(anonymous_15)","line":300,"loc":{"start":{"line":300,"column":65},"end":{"line":300,"column":80}}},"16":{"name":"copyIntoPlace","line":313,"loc":{"start":{"line":313,"column":0},"end":{"line":313,"column":50}}},"17":{"name":"(anonymous_17)","line":315,"loc":{"start":{"line":315,"column":48},"end":{"line":315,"column":60}}},"18":{"name":"getLocationInLibModuleIfMatching","line":331,"loc":{"start":{"line":331,"column":0},"end":{"line":331,"column":51}}},"19":{"name":"tryPhantomjsInLib","line":351,"loc":{"start":{"line":351,"column":0},"end":{"line":351,"column":29}}},"20":{"name":"(anonymous_20)","line":352,"loc":{"start":{"line":352,"column":19},"end":{"line":352,"column":31}}},"21":{"name":"(anonymous_21)","line":358,"loc":{"start":{"line":358,"column":10},"end":{"line":358,"column":22}}},"22":{"name":"tryPhantomjsOnPath","line":366,"loc":{"start":{"line":366,"column":0},"end":{"line":366,"column":30}}},"23":{"name":"(anonymous_23)","line":374,"loc":{"start":{"line":374,"column":8},"end":{"line":374,"column":26}}},"24":{"name":"(anonymous_24)","line":399,"loc":{"start":{"line":399,"column":53},"end":{"line":399,"column":72}}},"25":{"name":"(anonymous_25)","line":407,"loc":{"start":{"line":407,"column":5},"end":{"line":407,"column":17}}},"26":{"name":"(anonymous_26)","line":410,"loc":{"start":{"line":410,"column":8},"end":{"line":410,"column":23}}},"27":{"name":"getDownloadUrl","line":420,"loc":{"start":{"line":420,"column":0},"end":{"line":420,"column":26}}},"28":{"name":"getDownloadSpec","line":429,"loc":{"start":{"line":429,"column":0},"end":{"line":429,"column":27}}},"29":{"name":"downloadPhantomjs","line":461,"loc":{"start":{"line":461,"column":0},"end":{"line":461,"column":29}}},"30":{"name":"(anonymous_30)","line":474,"loc":{"start":{"line":474,"column":19},"end":{"line":474,"column":31}}},"31":{"name":"(anonymous_31)","line":485,"loc":{"start":{"line":485,"column":10},"end":{"line":485,"column":30}}},"32":{"name":"verifyChecksum","line":503,"loc":{"start":{"line":503,"column":0},"end":{"line":503,"column":44}}},"33":{"name":"(anonymous_33)","line":504,"loc":{"start":{"line":504,"column":75},"end":{"line":504,"column":91}}},"34":{"name":"(anonymous_34)","line":512,"loc":{"start":{"line":512,"column":10},"end":{"line":512,"column":25}}},"35":{"name":"checkPhantomjsVersion","line":522,"loc":{"start":{"line":522,"column":0},"end":{"line":522,"column":44}}},"36":{"name":"(anonymous_36)","line":524,"loc":{"start":{"line":524,"column":66},"end":{"line":524,"column":84}}},"37":{"name":"(anonymous_37)","line":532,"loc":{"start":{"line":532,"column":10},"end":{"line":532,"column":25}}},"38":{"name":"getTargetPlatform","line":541,"loc":{"start":{"line":541,"column":0},"end":{"line":541,"column":29}}},"39":{"name":"getTargetArch","line":548,"loc":{"start":{"line":548,"column":0},"end":{"line":548,"column":25}}}},"statementMap":{"1":{"start":{"line":9,"column":0},"end":{"line":9,"column":49}},"2":{"start":{"line":10,"column":0},"end":{"line":10,"column":34}},"3":{"start":{"line":11,"column":0},"end":{"line":11,"column":39}},"4":{"start":{"line":12,"column":0},"end":{"line":12,"column":33}},"5":{"start":{"line":13,"column":0},"end":{"line":13,"column":28}},"6":{"start":{"line":14,"column":0},"end":{"line":14,"column":28}},"7":{"start":{"line":15,"column":0},"end":{"line":15,"column":39}},"8":{"start":{"line":16,"column":0},"end":{"line":16,"column":24}},"9":{"start":{"line":17,"column":0},"end":{"line":17,"column":26}},"10":{"start":{"line":18,"column":0},"end":{"line":18,"column":32}},"11":{"start":{"line":19,"column":0},"end":{"line":19,"column":24}},"12":{"start":{"line":20,"column":0},"end":{"line":20,"column":28}},"13":{"start":{"line":22,"column":0},"end":{"line":22,"column":35}},"14":{"start":{"line":23,"column":0},"end":{"line":23,"column":81}},"15":{"start":{"line":26,"column":0},"end":{"line":26,"column":21}},"16":{"start":{"line":28,"column":0},"end":{"line":33,"column":2}},"17":{"start":{"line":29,"column":2},"end":{"line":32,"column":3}},"18":{"start":{"line":30,"column":4},"end":{"line":30,"column":46}},"19":{"start":{"line":31,"column":4},"end":{"line":31,"column":11}},"20":{"start":{"line":38,"column":0},"end":{"line":38,"column":49}},"21":{"start":{"line":40,"column":0},"end":{"line":40,"column":41}},"22":{"start":{"line":41,"column":0},"end":{"line":41,"column":43}},"23":{"start":{"line":42,"column":0},"end":{"line":42,"column":22}},"24":{"start":{"line":55,"column":0},"end":{"line":88,"column":4}},"25":{"start":{"line":61,"column":4},"end":{"line":61,"column":48}},"26":{"start":{"line":64,"column":4},"end":{"line":66,"column":46}},"27":{"start":{"line":68,"column":4},"end":{"line":77,"column":5}},"28":{"start":{"line":70,"column":6},"end":{"line":70,"column":35}},"29":{"start":{"line":72,"column":6},"end":{"line":75,"column":7}},"30":{"start":{"line":73,"column":8},"end":{"line":73,"column":89}},"31":{"start":{"line":74,"column":8},"end":{"line":74,"column":15}},"32":{"start":{"line":76,"column":6},"end":{"line":76,"column":15}},"33":{"start":{"line":79,"column":4},"end":{"line":79,"column":59}},"34":{"start":{"line":80,"column":4},"end":{"line":80,"column":39}},"35":{"start":{"line":82,"column":4},"end":{"line":82,"column":64}},"36":{"start":{"line":83,"column":4},"end":{"line":83,"column":11}},"37":{"start":{"line":86,"column":4},"end":{"line":86,"column":64}},"38":{"start":{"line":87,"column":4},"end":{"line":87,"column":11}},"39":{"start":{"line":91,"column":0},"end":{"line":109,"column":1}},"40":{"start":{"line":92,"column":2},"end":{"line":92,"column":41}},"41":{"start":{"line":93,"column":2},"end":{"line":95,"column":3}},"42":{"start":{"line":94,"column":4},"end":{"line":94,"column":46}},"43":{"start":{"line":97,"column":2},"end":{"line":97,"column":36}},"44":{"start":{"line":98,"column":2},"end":{"line":98,"column":28}},"45":{"start":{"line":100,"column":2},"end":{"line":100,"column":65}},"46":{"start":{"line":102,"column":2},"end":{"line":106,"column":3}},"47":{"start":{"line":103,"column":4},"end":{"line":105,"column":59}},"48":{"start":{"line":108,"column":2},"end":{"line":108,"column":63}},"49":{"start":{"line":111,"column":0},"end":{"line":115,"column":1}},"50":{"start":{"line":112,"column":2},"end":{"line":112,"column":18}},"51":{"start":{"line":113,"column":2},"end":{"line":113,"column":33}},"52":{"start":{"line":114,"column":2},"end":{"line":114,"column":25}},"53":{"start":{"line":118,"column":0},"end":{"line":147,"column":1}},"54":{"start":{"line":119,"column":2},"end":{"line":119,"column":22}},"55":{"start":{"line":120,"column":2},"end":{"line":124,"column":3}},"56":{"start":{"line":126,"column":2},"end":{"line":141,"column":3}},"57":{"start":{"line":127,"column":4},"end":{"line":127,"column":67}},"58":{"start":{"line":129,"column":4},"end":{"line":140,"column":5}},"59":{"start":{"line":130,"column":6},"end":{"line":130,"column":42}},"60":{"start":{"line":133,"column":6},"end":{"line":133,"column":41}},"61":{"start":{"line":134,"column":6},"end":{"line":134,"column":59}},"62":{"start":{"line":135,"column":6},"end":{"line":135,"column":40}},"63":{"start":{"line":136,"column":6},"end":{"line":136,"column":29}},"64":{"start":{"line":137,"column":6},"end":{"line":137,"column":26}},"65":{"start":{"line":139,"column":6},"end":{"line":139,"column":63}},"66":{"start":{"line":143,"column":2},"end":{"line":145,"column":33}},"67":{"start":{"line":146,"column":2},"end":{"line":146,"column":9}},"68":{"start":{"line":150,"column":0},"end":{"line":213,"column":1}},"69":{"start":{"line":151,"column":2},"end":{"line":151,"column":53}},"70":{"start":{"line":152,"column":2},"end":{"line":155,"column":3}},"71":{"start":{"line":153,"column":4},"end":{"line":153,"column":115}},"72":{"start":{"line":154,"column":4},"end":{"line":154,"column":21}},"73":{"start":{"line":157,"column":2},"end":{"line":163,"column":3}},"74":{"start":{"line":165,"column":2},"end":{"line":167,"column":34}},"75":{"start":{"line":168,"column":2},"end":{"line":180,"column":3}},"76":{"start":{"line":171,"column":4},"end":{"line":171,"column":35}},"77":{"start":{"line":172,"column":4},"end":{"line":175,"column":5}},"78":{"start":{"line":174,"column":6},"end":{"line":174,"column":56}},"79":{"start":{"line":176,"column":4},"end":{"line":176,"column":51}},"80":{"start":{"line":179,"column":4},"end":{"line":179,"column":28}},"81":{"start":{"line":183,"column":2},"end":{"line":183,"column":67}},"82":{"start":{"line":186,"column":2},"end":{"line":186,"column":36}},"83":{"start":{"line":187,"column":2},"end":{"line":202,"column":3}},"84":{"start":{"line":188,"column":4},"end":{"line":201,"column":5}},"85":{"start":{"line":189,"column":6},"end":{"line":190,"column":52}},"86":{"start":{"line":195,"column":6},"end":{"line":197,"column":7}},"87":{"start":{"line":196,"column":8},"end":{"line":196,"column":18}},"88":{"start":{"line":200,"column":6},"end":{"line":200,"column":78}},"89":{"start":{"line":204,"column":2},"end":{"line":210,"column":3}},"90":{"start":{"line":205,"column":4},"end":{"line":205,"column":35}},"91":{"start":{"line":206,"column":4},"end":{"line":208,"column":5}},"92":{"start":{"line":209,"column":4},"end":{"line":209,"column":19}},"93":{"start":{"line":212,"column":2},"end":{"line":212,"column":16}},"94":{"start":{"line":215,"column":0},"end":{"line":229,"column":1}},"95":{"start":{"line":216,"column":2},"end":{"line":228,"column":3}},"96":{"start":{"line":217,"column":6},"end":{"line":218,"column":160}},"97":{"start":{"line":219,"column":6},"end":{"line":219,"column":13}},"98":{"start":{"line":220,"column":9},"end":{"line":228,"column":3}},"99":{"start":{"line":221,"column":4},"end":{"line":222,"column":77}},"100":{"start":{"line":223,"column":4},"end":{"line":223,"column":11}},"101":{"start":{"line":225,"column":4},"end":{"line":226,"column":53}},"102":{"start":{"line":227,"column":4},"end":{"line":227,"column":11}},"103":{"start":{"line":231,"column":0},"end":{"line":272,"column":1}},"104":{"start":{"line":232,"column":2},"end":{"line":232,"column":28}},"105":{"start":{"line":234,"column":2},"end":{"line":234,"column":54}},"106":{"start":{"line":236,"column":2},"end":{"line":236,"column":29}},"107":{"start":{"line":237,"column":2},"end":{"line":237,"column":16}},"108":{"start":{"line":238,"column":2},"end":{"line":269,"column":34}},"109":{"start":{"line":239,"column":4},"end":{"line":239,"column":19}},"110":{"start":{"line":240,"column":4},"end":{"line":257,"column":5}},"111":{"start":{"line":241,"column":6},"end":{"line":241,"column":39}},"112":{"start":{"line":242,"column":6},"end":{"line":242,"column":76}},"113":{"start":{"line":243,"column":6},"end":{"line":243,"column":40}},"114":{"start":{"line":244,"column":6},"end":{"line":244,"column":32}},"115":{"start":{"line":246,"column":11},"end":{"line":257,"column":5}},"116":{"start":{"line":247,"column":6},"end":{"line":253,"column":48}},"117":{"start":{"line":254,"column":6},"end":{"line":254,"column":13}},"118":{"start":{"line":256,"column":6},"end":{"line":256,"column":31}},"119":{"start":{"line":259,"column":4},"end":{"line":267,"column":5}},"120":{"start":{"line":260,"column":6},"end":{"line":262,"column":7}},"121":{"start":{"line":261,"column":8},"end":{"line":261,"column":85}},"122":{"start":{"line":263,"column":6},"end":{"line":263,"column":39}},"123":{"start":{"line":264,"column":6},"end":{"line":264,"column":16}},"124":{"start":{"line":271,"column":2},"end":{"line":271,"column":25}},"125":{"start":{"line":275,"column":0},"end":{"line":310,"column":1}},"126":{"start":{"line":276,"column":2},"end":{"line":276,"column":28}},"127":{"start":{"line":279,"column":2},"end":{"line":279,"column":57}},"128":{"start":{"line":280,"column":2},"end":{"line":280,"column":36}},"129":{"start":{"line":282,"column":2},"end":{"line":282,"column":38}},"130":{"start":{"line":285,"column":2},"end":{"line":285,"column":37}},"131":{"start":{"line":287,"column":2},"end":{"line":308,"column":3}},"132":{"start":{"line":288,"column":4},"end":{"line":288,"column":42}},"133":{"start":{"line":289,"column":4},"end":{"line":296,"column":6}},"134":{"start":{"line":290,"column":6},"end":{"line":295,"column":7}},"135":{"start":{"line":291,"column":8},"end":{"line":291,"column":45}},"136":{"start":{"line":292,"column":8},"end":{"line":292,"column":28}},"137":{"start":{"line":294,"column":8},"end":{"line":294,"column":39}},"138":{"start":{"line":299,"column":4},"end":{"line":299,"column":64}},"139":{"start":{"line":300,"column":4},"end":{"line":307,"column":6}},"140":{"start":{"line":301,"column":6},"end":{"line":306,"column":7}},"141":{"start":{"line":302,"column":8},"end":{"line":302,"column":49}},"142":{"start":{"line":303,"column":8},"end":{"line":303,"column":28}},"143":{"start":{"line":305,"column":8},"end":{"line":305,"column":39}},"144":{"start":{"line":309,"column":2},"end":{"line":309,"column":25}},"145":{"start":{"line":313,"column":0},"end":{"line":329,"column":1}},"146":{"start":{"line":314,"column":2},"end":{"line":314,"column":37}},"147":{"start":{"line":315,"column":2},"end":{"line":328,"column":4}},"148":{"start":{"line":317,"column":4},"end":{"line":317,"column":45}},"149":{"start":{"line":318,"column":4},"end":{"line":324,"column":5}},"150":{"start":{"line":319,"column":6},"end":{"line":319,"column":51}},"151":{"start":{"line":320,"column":6},"end":{"line":323,"column":7}},"152":{"start":{"line":321,"column":8},"end":{"line":321,"column":71}},"153":{"start":{"line":322,"column":8},"end":{"line":322,"column":52}},"154":{"start":{"line":326,"column":4},"end":{"line":326,"column":55}},"155":{"start":{"line":327,"column":4},"end":{"line":327,"column":52}},"156":{"start":{"line":331,"column":0},"end":{"line":346,"column":1}},"157":{"start":{"line":332,"column":2},"end":{"line":332,"column":34}},"158":{"start":{"line":333,"column":2},"end":{"line":344,"column":3}},"159":{"start":{"line":336,"column":4},"end":{"line":343,"column":5}},"160":{"start":{"line":337,"column":6},"end":{"line":337,"column":84}},"161":{"start":{"line":338,"column":6},"end":{"line":340,"column":7}},"162":{"start":{"line":339,"column":8},"end":{"line":339,"column":31}},"163":{"start":{"line":345,"column":2},"end":{"line":345,"column":14}},"164":{"start":{"line":351,"column":0},"end":{"line":361,"column":1}},"165":{"start":{"line":352,"column":2},"end":{"line":360,"column":4}},"166":{"start":{"line":353,"column":4},"end":{"line":353,"column":72}},"167":{"start":{"line":354,"column":4},"end":{"line":357,"column":5}},"168":{"start":{"line":355,"column":6},"end":{"line":355,"column":67}},"169":{"start":{"line":356,"column":6},"end":{"line":356,"column":13}},"170":{"start":{"line":366,"column":0},"end":{"line":414,"column":1}},"171":{"start":{"line":367,"column":2},"end":{"line":371,"column":3}},"172":{"start":{"line":368,"column":4},"end":{"line":369,"column":41}},"173":{"start":{"line":370,"column":4},"end":{"line":370,"column":29}},"174":{"start":{"line":373,"column":2},"end":{"line":413,"column":4}},"175":{"start":{"line":375,"column":4},"end":{"line":375,"column":24}},"176":{"start":{"line":376,"column":4},"end":{"line":376,"column":62}},"177":{"start":{"line":380,"column":4},"end":{"line":383,"column":5}},"178":{"start":{"line":381,"column":6},"end":{"line":381,"column":91}},"179":{"start":{"line":382,"column":6},"end":{"line":382,"column":12}},"180":{"start":{"line":385,"column":4},"end":{"line":385,"column":55}},"181":{"start":{"line":386,"column":4},"end":{"line":406,"column":5}},"182":{"start":{"line":387,"column":6},"end":{"line":387,"column":51}},"183":{"start":{"line":389,"column":6},"end":{"line":390,"column":75}},"184":{"start":{"line":391,"column":6},"end":{"line":395,"column":7}},"185":{"start":{"line":392,"column":8},"end":{"line":392,"column":67}},"186":{"start":{"line":393,"column":8},"end":{"line":393,"column":41}},"187":{"start":{"line":394,"column":8},"end":{"line":394,"column":15}},"188":{"start":{"line":397,"column":6},"end":{"line":397,"column":63}},"189":{"start":{"line":399,"column":6},"end":{"line":405,"column":8}},"190":{"start":{"line":400,"column":8},"end":{"line":404,"column":9}},"191":{"start":{"line":401,"column":10},"end":{"line":401,"column":40}},"192":{"start":{"line":402,"column":10},"end":{"line":402,"column":79}},"193":{"start":{"line":403,"column":10},"end":{"line":403,"column":17}},"194":{"start":{"line":408,"column":4},"end":{"line":408,"column":46}},"195":{"start":{"line":411,"column":4},"end":{"line":411,"column":57}},"196":{"start":{"line":412,"column":4},"end":{"line":412,"column":16}},"197":{"start":{"line":420,"column":0},"end":{"line":423,"column":1}},"198":{"start":{"line":421,"column":2},"end":{"line":421,"column":30}},"199":{"start":{"line":422,"column":2},"end":{"line":422,"column":25}},"200":{"start":{"line":429,"column":0},"end":{"line":454,"column":1}},"201":{"start":{"line":430,"column":2},"end":{"line":432,"column":17}},"202":{"start":{"line":433,"column":2},"end":{"line":433,"column":65}},"203":{"start":{"line":434,"column":2},"end":{"line":434,"column":19}},"204":{"start":{"line":436,"column":2},"end":{"line":436,"column":36}},"205":{"start":{"line":437,"column":2},"end":{"line":437,"column":28}},"206":{"start":{"line":438,"column":2},"end":{"line":452,"column":3}},"207":{"start":{"line":439,"column":4},"end":{"line":439,"column":41}},"208":{"start":{"line":440,"column":4},"end":{"line":440,"column":81}},"209":{"start":{"line":441,"column":9},"end":{"line":452,"column":3}},"210":{"start":{"line":442,"column":4},"end":{"line":442,"column":39}},"211":{"start":{"line":443,"column":4},"end":{"line":443,"column":81}},"212":{"start":{"line":444,"column":9},"end":{"line":452,"column":3}},"213":{"start":{"line":445,"column":4},"end":{"line":445,"column":31}},"214":{"start":{"line":446,"column":4},"end":{"line":446,"column":81}},"215":{"start":{"line":447,"column":9},"end":{"line":452,"column":3}},"216":{"start":{"line":448,"column":4},"end":{"line":448,"column":32}},"217":{"start":{"line":449,"column":4},"end":{"line":449,"column":81}},"218":{"start":{"line":451,"column":4},"end":{"line":451,"column":15}},"219":{"start":{"line":453,"column":2},"end":{"line":453,"column":47}},"220":{"start":{"line":461,"column":0},"end":{"line":495,"column":1}},"221":{"start":{"line":462,"column":2},"end":{"line":462,"column":38}},"222":{"start":{"line":463,"column":2},"end":{"line":469,"column":3}},"223":{"start":{"line":464,"column":4},"end":{"line":467,"column":44}},"224":{"start":{"line":468,"column":4},"end":{"line":468,"column":11}},"225":{"start":{"line":471,"column":2},"end":{"line":471,"column":36}},"226":{"start":{"line":472,"column":2},"end":{"line":472,"column":20}},"227":{"start":{"line":474,"column":2},"end":{"line":494,"column":4}},"228":{"start":{"line":476,"column":4},"end":{"line":476,"column":45}},"229":{"start":{"line":477,"column":4},"end":{"line":477,"column":47}},"230":{"start":{"line":478,"column":4},"end":{"line":478,"column":49}},"231":{"start":{"line":480,"column":4},"end":{"line":483,"column":5}},"232":{"start":{"line":481,"column":6},"end":{"line":481,"column":66}},"233":{"start":{"line":482,"column":6},"end":{"line":482,"column":66}},"234":{"start":{"line":484,"column":4},"end":{"line":484,"column":16}},"235":{"start":{"line":486,"column":4},"end":{"line":488,"column":5}},"236":{"start":{"line":487,"column":6},"end":{"line":487,"column":27}},"237":{"start":{"line":491,"column":4},"end":{"line":491,"column":43}},"238":{"start":{"line":492,"column":4},"end":{"line":492,"column":44}},"239":{"start":{"line":493,"column":4},"end":{"line":493,"column":61}},"240":{"start":{"line":503,"column":0},"end":{"line":516,"column":1}},"241":{"start":{"line":504,"column":2},"end":{"line":515,"column":4}},"242":{"start":{"line":505,"column":4},"end":{"line":505,"column":33}},"243":{"start":{"line":506,"column":4},"end":{"line":510,"column":5}},"244":{"start":{"line":507,"column":6},"end":{"line":507,"column":68}},"245":{"start":{"line":509,"column":6},"end":{"line":509,"column":43}},"246":{"start":{"line":511,"column":4},"end":{"line":511,"column":17}},"247":{"start":{"line":513,"column":4},"end":{"line":513,"column":53}},"248":{"start":{"line":514,"column":4},"end":{"line":514,"column":16}},"249":{"start":{"line":522,"column":0},"end":{"line":536,"column":1}},"250":{"start":{"line":523,"column":2},"end":{"line":523,"column":64}},"251":{"start":{"line":524,"column":2},"end":{"line":535,"column":4}},"252":{"start":{"line":525,"column":4},"end":{"line":525,"column":31}},"253":{"start":{"line":526,"column":4},"end":{"line":531,"column":5}},"254":{"start":{"line":527,"column":6},"end":{"line":527,"column":17}},"255":{"start":{"line":529,"column":6},"end":{"line":529,"column":97}},"256":{"start":{"line":530,"column":6},"end":{"line":530,"column":18}},"257":{"start":{"line":533,"column":4},"end":{"line":533,"column":63}},"258":{"start":{"line":534,"column":4},"en
[...]
ire('child_process')","var fs = require('fs-extra')","var hasha = require('hasha')","var helper = require('./lib/phantomjs')","var kew = require('kew')","var path = require('path')","var request = require('request')","var url = require('url')","var which = require('which')","","var originalPath = process.env.PATH","var DEFAULT_CDN = 'https://github.com/Medium/phantomjs/releases/download/v2.1.1/'","","// If the process exits without going through exit(), then we did not complete.","var validExit = false","","process.on('exit', function () {","  if (!validExit) {","    console.log('Install exited unexpectedly')","    exit(1)","  }","})","","// NPM adds bin directories to the path, which will cause `which` to find the","// bin for this package not the actual phantomjs bin.  Also help out people who","// put ./bin on their path","process.env.PATH = helper.cleanPath(originalPath)","","var libPath = path.join(__dirname, 'lib')","var pkgPath = path.join(libPath, 'phantom')","var phantomPath = null","","// If the user manually installed PhantomJS, we want","// to use the existing version.","//","// Do not re-use a manually-installed PhantomJS with","// a different version.","//","// Do not re-use an npm-installed PhantomJS, because","// that can lead to weird circular dependencies between","// local versions and global versions.","// https://github.com/Obvious/phantomjs/issues/85","// https://github.com/Medium/phantomjs/pull/184","kew.resolve(true)","  .then(tryPhantomjsInLib)","  .then(tryPhantomjsOnPath)","  .then(downloadPhantomjs)","  .then(extractDownload)","  .then(function (extractedPath) {","    return copyIntoPlace(extractedPath, pkgPath)","  })","  .then(function () {","    var location = getTargetPlatform() === 'win32' ?","        path.join(pkgPath, 'bin', 'phantomjs.exe') :","        path.join(pkgPath, 'bin' ,'phantomjs')","","    try {","      // Ensure executable is executable by all users","      fs.chmodSync(location, '755')","    } catch (err) {","      if (err.code == 'ENOENT') {","        console.error('chmod failed: phantomjs was not successfully copied to', location)","        exit(1)","      }","      throw err","    }","","    var relativeLocation = path.relative(libPath, location)","    writeLocationFile(relativeLocation)","","    console.log('Done. Phantomjs binary available at', location)","    exit(0)","  })","  .fail(function (err) {","    console.error('Phantom installation failed', err, err.stack)","    exit(1)","  })","","","function writeLocationFile(location) {","  console.log('Writing location.js file')","  if (getTargetPlatform() === 'win32') {","    location = location.replace(/\\\\/g, '\\\\\\\\')","  }","","  var platform = getTargetPlatform()","  var arch = getTargetArch()","","  var contents = 'module.exports.location = \"' + location + '\"\\n'","","  if (/^[a-zA-Z0-9]*$/.test(platform) && /^[a-zA-Z0-9]*$/.test(arch)) {","    contents +=","        'module.exports.platform = \"' + getTargetPlatform() + '\"\\n' +","        'module.exports.arch = \"' + getTargetArch() + '\"\\n'","  }","","  fs.writeFileSync(path.join(libPath, 'location.js'), contents)","}","","function exit(code) {","  validExit = true","  process.env.PATH = originalPath","  process.exit(code || 0)","}","","","function findSuitableTempDirectory() {","  var now = Date.now()","  var candidateTmpDirs = [","    process.env.TMPDIR || process.env.TEMP || process.env.npm_config_tmp,","    '/tmp',","    path.join(process.cwd(), 'tmp')","  ]","","  for (var i = 0; i < candidateTmpDirs.length; i++) {","    var candidatePath = path.join(candidateTmpDirs[i], 'phantomjs')","","    try {","      fs.mkdirsSync(candidatePath, '0777')","      // Make double sure we have 0777 permissions; some operating systems","      // default umask does not allow write by default.","      fs.chmodSync(candidatePath, '0777')","      var testFile = path.join(candidatePath, now + '.tmp')","      fs.writeFileSync(testFile, 'test')","      fs.unlinkSync(testFile)","      return candidatePath","    } catch (e) {","      console.log(candidatePath, 'is not writable:', e.message)","    }","  }","","  console.error('Can not find a writable tmp directory, please report issue ' +","      'on https://github.com/Obvious/phantomjs/issues/59 with as much ' +","      'information as possible.')","  exit(1)","}","","","function getRequestOptions() {","  var strictSSL = !!process.env.npm_config_strict_ssl","  if (process.version == 'v0.10.34') {","    console.log('Node v0.10.34 detected, turning off strict ssl due to https://github.com/joyent/node/issues/8894')","    strictSSL = false","  }","","  var options = {","    uri: getDownloadUrl(),","    encoding: null, // Get response as a buffer","    followRedirect: true, // The default download path redirects to a CDN URL.","    headers: {},","    strictSSL: strictSSL","  }","","  var proxyUrl = process.env.npm_config_https_proxy ||","      process.env.npm_config_http_proxy ||","      process.env.npm_config_proxy","  if (proxyUrl) {","","    // Print using proxy","    var proxy = url.parse(proxyUrl)","    if (proxy.auth) {","      // Mask password","      proxy.auth = proxy.auth.replace(/:.*$/, ':******')","    }","    console.log('Using proxy ' + url.format(proxy))","","    // Enable proxy","    options.proxy = proxyUrl","  }","","  // Use the user-agent string from the npm config","  options.headers['User-Agent'] = process.env.npm_config_user_agent","","  // Use certificate authority settings from npm","  var ca = process.env.npm_config_ca","  if (!ca && process.env.npm_config_cafile) {","    try {","      ca = fs.readFileSync(process.env.npm_config_cafile, {encoding: 'utf8'})","        .split(/\\n(?=-----BEGIN CERTIFICATE-----)/g)","","      // Comments at the beginning of the file result in the first","      // item not containing a certificate - in this case the","      // download will fail","      if (ca.length > 0 && !/-----BEGIN CERTIFICATE-----/.test(ca[0])) {","        ca.shift()","      }","","    } catch (e) {","      console.error('Could not read cafile', process.env.npm_config_cafile, e)","    }","  }","","  if (ca) {","    console.log('Using npmconf ca')","    options.agentOptions = {","      ca: ca","    }","    options.ca = ca","  }","","  return options","}","","function handleRequestError(error) {","  if (error && error.stack && error.stack.indexOf('SELF_SIGNED_CERT_IN_CHAIN') != -1) {","      console.error('Error making request, SELF_SIGNED_CERT_IN_CHAIN. ' +","          'Please read https://github.com/Medium/phantomjs#i-am-behind-a-corporate-proxy-that-uses-self-signed-ssl-certificates-to-intercept-encrypted-traffic')","      exit(1)","  } else if (error) {","    console.error('Error making request.\\n' + error.stack + '\\n\\n' +","        'Please report this full log at https://github.com/Medium/phantomjs')","    exit(1)","  } else {","    console.error('Something unexpected happened, please report this full ' +","        'log at https://github.com/Medium/phantomjs')","    exit(1)","  }","}","","function requestBinary(requestOptions, filePath) {","  var deferred = kew.defer()","","  var writePath = filePath + '-download-' + Date.now()","","  console.log('Receiving...')","  var bar = null","  requestProgress(request(requestOptions, function (error, response, body) {","    console.log('')","    if (!error && response.statusCode === 200) {","      fs.writeFileSync(writePath, body)","      console.log('Received ' + Math.floor(body.length / 1024) + 'K total.')","      fs.renameSync(writePath, filePath)","      deferred.resolve(filePath)","","    } else if (response) {","      console.error('Error requesting archive.\\n' +","          'Status: ' + response.statusCode + '\\n' +","          'Request options: ' + JSON.stringify(requestOptions, null, 2) + '\\n' +","          'Response headers: ' + JSON.stringify(response.headers, null, 2) + '\\n' +","          'Make sure your network and proxy settings are correct.\\n\\n' +","          'If you continue to have issues, please report this full log at ' +","          'https://github.com/Medium/phantomjs')","      exit(1)","    } else {","      handleRequestError(error)","    }","  })).on('progress', function (state) {","    try {","      if (!bar) {","        bar = new progress('  [:bar] :percent', {total: state.size.total, width: 40})","      }","      bar.curr = state.size.transferred","      bar.tick()","    } catch (e) {","      // It doesn't really matter if the progress bar doesn't update.","    }","  })","  .on('error', handleRequestError)","","  return deferred.promise","}","","","function extractDownload(filePath) {","  var deferred = kew.defer()","  // extract to a unique directory in case multiple processes are","  // installing and extracting at once","  var extractedPath = filePath + '-extract-' + Date.now()","  var options = {cwd: extractedPath}","","  fs.mkdirsSync(extractedPath, '0777')","  // Make double sure we have 0777 permissions; some operating systems","  // default umask does not allow write by default.","  fs.chmodSync(extractedPath, '0777')","","  if (filePath.substr(-4) === '.zip') {","    console.log('Extracting zip contents')","    extractZip(path.resolve(filePath), {dir: extractedPath}, function(err) {","      if (err) {","        console.error('Error extracting zip')","        deferred.reject(err)","      } else {","        deferred.resolve(extractedPath)","      }","    })","","  } else {","    console.log('Extracting tar contents (via spawned process)')","    cp.execFile('tar', ['jxf', path.resolve(filePath)], options, function (err) {","      if (err) {","        console.error('Error extracting archive')","        deferred.reject(err)","      } else {","        deferred.resolve(extractedPath)","      }","    })","  }","  return deferred.promise","}","","","function copyIntoPlace(extractedPath, targetPath) {","  console.log('Removing', targetPath)","  return kew.nfcall(fs.remove, targetPath).then(function () {","    // Look for the extracted directory, so we can rename it.","    var files = fs.readdirSync(extractedPath)","    for (var i = 0; i < files.length; i++) {","      var file = path.join(extractedPath, files[i])","      if (fs.statSync(file).isDirectory() && file.indexOf(helper.version) != -1) {","        console.log('Copying extracted folder', file, '->', targetPath)","        return kew.nfcall(fs.move, file, targetPath)","      }","    }","","    console.log('Could not find extracted file', files)","    throw new Error('Could not find extracted file')","  })","}","","function getLocationInLibModuleIfMatching(libPath) {","  var libModule = require(libPath)","  if (libModule.location &&","      getTargetPlatform() == libModule.platform &&","      getTargetArch() == libModule.arch) {","    try {","      var resolvedLocation = path.resolve(path.dirname(libPath), libModule.location)","      if (fs.statSync(resolvedLocation)) {","        return resolvedLocation","      }","    } catch (e) {","      // fall through","    }","  }","  return false","}","","/**"," * Check to see if the binary in lib is OK to use. If successful, exit the process."," */","function tryPhantomjsInLib() {","  return kew.fcall(function () {","    var location = getLocationInLibModuleIfMatching('./lib/location.js')","    if (location) {","      console.log('PhantomJS is previously installed at', location)","      exit(0)","    }","  }).fail(function () {","    // silently swallow any errors","  })","}","","/**"," * Check to see if the binary on PATH is OK to use. If successful, exit the process."," */","function tryPhantomjsOnPath() {","  if (getTargetPlatform() != process.platform || getTargetArch() != process.arch) {","    console.log('Building for target platform ' + getTargetPlatform() + '/' + getTargetArch() +","                '. Skipping PATH search')","    return kew.resolve(false)","  }","","  return kew.nfcall(which, 'phantomjs')","  .then(function (result) {","    phantomPath = result","    console.log('Considering PhantomJS found at', phantomPath)","","    // Horrible hack to avoid problems during global install. We check to see if","    // the file `which` found is our own bin script.","    if (phantomPath.indexOf(path.join('npm', 'phantomjs')) !== -1) {","      console.log('Looks like an `npm install -g` on windows; skipping installed version.')","      return","    }","","    var contents = fs.readFileSync(phantomPath, 'utf8')","    if (/NPM_INSTALL_MARKER/.test(contents)) {","      console.log('Looks like an `npm install -g`')","","      var globalLocation = getLocationInLibModuleIfMatching(","          path.resolve(fs.realpathSync(phantomPath), '../../lib/location'))","      if (globalLocation) {","        console.log('Linking to global install at', globalLocation)","        writeLocationFile(globalLocation)","        exit(0)","      }","","      console.log('Could not link global install, skipping...')","    } else {","      return checkPhantomjsVersion(phantomPath).then(function (matches) {","        if (matches) {","          writeLocationFile(phantomPath)","          console.log('PhantomJS is already installed on PATH at', phantomPath)","          exit(0)","        }","      })","    }","  }, function () {","    console.log('PhantomJS not found on PATH')","  })","  .fail(function (err) {","    console.error('Error checking path, continuing', err)","    return false","  })","}","","/**"," * @return {?string} Get the download URL for phantomjs."," *     May return null if no download url exists."," */","function getDownloadUrl() {","  var spec = getDownloadSpec()","  return spec && spec.url","}","","/**"," * @return {?{url: string, checksum: string}} Get the download URL and expected"," *     SHA-256 checksum for phantomjs.  May return null if no download url exists."," */","function getDownloadSpec() {","  var cdnUrl = process.env.npm_config_phantomjs_cdnurl ||","      process.env.PHANTOMJS_CDNURL ||","      DEFAULT_CDN","  var downloadUrl = cdnUrl + '/phantomjs-' + helper.version + '-'","  var checksum = ''","","  var platform = getTargetPlatform()","  var arch = getTargetArch()","  if (platform === 'linux' && arch === 'x64') {","    downloadUrl += 'linux-x86_64.tar.bz2'","    checksum = '86dd9a4bf4aee45f1a84c9f61cf1947c1d6dce9b9e8d2a907105da7852460d2f'","  } else if (platform === 'linux' && arch == 'ia32') {","    downloadUrl += 'linux-i686.tar.bz2'","    checksum = '80e03cfeb22cc4dfe4e73b68ab81c9fdd7c78968cfd5358e6af33960464f15e3'","  } else if (platform === 'darwin' || platform === 'openbsd' || platform === 'freebsd') {","    downloadUrl += 'macosx.zip'","    checksum = '538cf488219ab27e309eafc629e2bcee9976990fe90b1ec334f541779150f8c1'","  } else if (platform === 'win32') {","    downloadUrl += 'windows.zip'","    checksum = 'd9fb05623d6b26d3654d008eab3adafd1f6350433dfd16138c46161f42c7dcc8'","  } else {","    return null","  }","  return {url: downloadUrl, checksum: checksum}","}","","/**"," * Download phantomjs, reusing the existing copy on disk if available."," * Exits immediately if there is no binary to download."," * @return {Promise.<string>} The path to the downloaded file."," */","function downloadPhantomjs() {","  var downloadSpec = getDownloadSpec()","  if (!downloadSpec) {","    console.error(","        'Unexpected platform or architecture: ' + getTargetPlatform() + '/' + getTargetArch() + '\\n' +","        'It seems there is no binary available for your platform/architecture\\n' +","        'Try to install PhantomJS globally')","    exit(1)","  }","","  var downloadUrl = downloadSpec.url","  var downloadedFile","","  return kew.fcall(function () {","    // Can't use a global version so start a download.","    var tmpPath = findSuitableTempDirectory()","    var fileName = downloadUrl.split('/').pop()","    downloadedFile = path.join(tmpPath, fileName)","","    if (fs.existsSync(downloadedFile)) {","      console.log('Download already available at', downloadedFile)","      return verifyChecksum(downloadedFile, downloadSpec.checksum)","    }","    return false","  }).then(function (verified) {","    if (verified) {","      return downloadedFile","    }","","    // Start the install.","    console.log('Downloading', downloadUrl)","    console.log('Saving to', downloadedFile)","    return requestBinary(getRequestOptions(), downloadedFile)","  })","}","","/**"," * Check to make sure that the file matches the checksum."," * @param {string} fileName"," * @param {string} checksum"," * @return {Promise.<boolean>}"," */","function verifyChecksum(fileName, checksum) {","  return kew.resolve(hasha.fromFile(fileName, {algorithm: 'sha256'})).then(function (hash) {","    var result = checksum == hash","    if (result) {","      console.log('Verified checksum of previously downloaded file')","    } else {","      console.log('Checksum did not match')","    }","    return result","  }).fail(function (err) {","    console.error('Failed to verify checksum: ', err)","    return false","  })","}","","/**"," * Check to make sure a given binary is the right version."," * @return {kew.Promise.<boolean>}"," */","function checkPhantomjsVersion(phantomPath) {","  console.log('Found PhantomJS at', phantomPath, '...verifying')","  return kew.nfcall(cp.execFile, phantomPath, ['--version']).then(function (stdout) {","    var version = stdout.trim()","    if (helper.version == version) {","      return true","    } else {","      console.log('PhantomJS detected, but wrong version', stdout.trim(), '@', phantomPath + '.')","      return false","    }","  }).fail(function (err) {","    console.error('Error verifying phantomjs, continuing', err)","    return false","  })","}","","/**"," * @return {string}"," */","function getTargetPlatform() {","  return process.env.PHANTOMJS_PLATFORM || process.platform","}","","/**"," * @return {string}"," */","function getTargetArch() {","  return process.env.PHANTOMJS_ARCH || process.arch","}",""],"l":{"9":1,"10":1,"11":1,"12":1,"13":1,"14":1,"15":1,"16":1,"17":1,"18":1,"19":1,"20":1,"22":1,"23":1,"26":1,"28":1,"29":0,"30":0,"31":0,"38":1,"40":1,"41":1,"42":1,"55":1,"61":1,"64":1,"68":1,"70":1,"72":0,"73":0,"74":0,"76":0,"79":1,"80":1,"82":1,"83":1,"86":0,"87":0,"91":1,"92":2,"93":2,"94":0,"97":2,"98":2,"100":2,"102":2,"103":2,"108":2,"111":1,"112":2,"113":2,"114":2,"118":1,"119":1,"120":1,"126":1,"127":1,"129":1,"130":1,"133":1,"134":1,"135":1,"136":1,"137":1,"139":0,"143":0,"146":0,"150":1,"151":0,"152":0,"153":0,"154":0,"157":0,"165":0,"168":0,"171":0,"172":0,"174":0,"176":0,"179":0,"183":0,"186":0,"187":0,"188":0,"189":0,"195":0,"196":0,"200":0,"204":0,"205":0,"206":0,"209":0,"212":0,"215":1,"216":0,"217":0,"219":0,"220":0,"221":0,"223":0,"225":0,"227":0,"231":1,"232":0,"234":0,"236":0,"237":0,"238":0,"239":0,"240":0,"241":0,"242":0,"243":0,"244":0,"246":0,"247":0,"254":0,"256":0,"259":0,"260":0,"261":0,"263":0,"264":0,"271":0,"275":1,"276":1,"279":1,"280":1,"282":1,"285":1,"287":1,"288":0,"289":0,"290":0,"291":0,"292":0,"294":0,"299":1,"300":1,"301":1,"302":0,"303":0,"305":1,"309":1,"313":1,"314":1,"315":1,"317":1,"318":1,"319":1,"320":1,"321":1,"322":1,"326":0,"327":0,"331":1,"332":2,"333":2,"336":2,"337":2,"338":2,"339":1,"345":1,"351":1,"352":1,"353":1,"354":1,"355":0,"356":0,"366":1,"367":1,"368":0,"370":0,"373":1,"375":1,"376":1,"380":1,"381":0,"382":0,"385":1,"386":1,"387":1,"389":1,"391":1,"392":1,"393":1,"394":1,"397":1,"399":0,"400":0,"401":0,"402":0,"403":0,"408":0,"411":0,"412":0,"420":1,"421":0,"422":0,"429":1,"430":1,"433":1,"434":1,"436":1,"437":1,"438":1,"439":1,"440":1,"441":0,"442":0,"443":0,"444":0,"445":0,"446":0,"447":0,"448":0,"449":0,"451":0,"453":1,"461":1,"462":1,"463":1,"464":0,"468":0,"471":1,"472":1,"474":1,"476":1,"477":1,"478":1,"480":1,"481":1,"482":1,"484":0,"486":1,"487":1,"491":0,"492":0,"493":0,"503":1,"504":1,"505":1,"506":1,"507":1,"509":0,"511":1,"513":0,"514":0,"522":1,"523":0,"524":0,"525":0,"526":0,"527":0,"529":0,"530":0,"533":0,"534":0,"541":1,"542":11,"548":1,"549":8}}}